-- Found ament_cmake: 1.3.12 (/opt/ros/humble/share/ament_cmake/cmake)
-- Override CMake install command with custom implementation using symlinks instead of copying resources
-- Found rclcpp: 16.0.17 (/opt/ros/humble/share/rclcpp/cmake)
-- Found rosidl_generator_c: 3.1.8 (/opt/ros/humble/share/rosidl_generator_c/cmake)
-- Found rosidl_adapter: 3.1.8 (/opt/ros/humble/share/rosidl_adapter/cmake)
-- Found rosidl_generator_cpp: 3.1.8 (/opt/ros/humble/share/rosidl_generator_cpp/cmake)
-- Using all available rosidl_typesupport_c: rosidl_typesupport_fastrtps_c;rosidl_typesupport_introspection_c
-- Using all available rosidl_typesupport_cpp: rosidl_typesupport_fastrtps_cpp;rosidl_typesupport_introspection_cpp
-- Found rmw_implementation_cmake: 6.1.2 (/opt/ros/humble/share/rmw_implementation_cmake/cmake)
-- Found rmw_fastrtps_cpp: 6.2.9 (/opt/ros/humble/share/rmw_fastrtps_cpp/cmake)
-- Using RMW implementation 'rmw_fastrtps_cpp' as default
-- Found geometry_msgs: 4.9.0 (/opt/ros/humble/share/geometry_msgs/cmake)
-- Found trajectory_msgs: 4.9.0 (/opt/ros/humble/share/trajectory_msgs/cmake)
-- Found tf2_geometry_msgs: 0.25.18 (/opt/ros/humble/share/tf2_geometry_msgs/cmake)
-- Found eigen3_cmake_module: 0.1.1 (/opt/ros/humble/share/eigen3_cmake_module/cmake)
-- Ensuring Eigen3 include directory is part of orocos-kdl CMake target
-- Found moveit_core: 2.5.9 (/opt/ros/humble/share/moveit_core/cmake)
-- Found Boost: /usr/lib/aarch64-linux-gnu/cmake/Boost-1.74.0/BoostConfig.cmake (found version "1.74.0") found components: chrono date_time filesystem iostreams program_options regex serialization system thread 
-- Found parameter_traits: 0.6.0 (/opt/ros/humble/share/parameter_traits/cmake)
-- Found rclcpp_lifecycle: 16.0.17 (/opt/ros/humble/share/rclcpp_lifecycle/cmake)
-- Found Boost: /usr/lib/aarch64-linux-gnu/cmake/Boost-1.74.0/BoostConfig.cmake (found version "1.74.0") found components: filesystem 
-- library: /usr/lib/aarch64-linux-gnu/libcurl.so
-- Found moveit_ros_planning_interface: 2.5.9 (/opt/ros/humble/share/moveit_ros_planning_interface/cmake)
-- Found Boost: /usr/lib/aarch64-linux-gnu/cmake/Boost-1.74.0/BoostConfig.cmake (found version "1.74.0") found components: date_time filesystem program_options system thread 
-- Found Boost: /usr/lib/aarch64-linux-gnu/cmake/Boost-1.74.0/BoostConfig.cmake (found version "1.74.0") found components: system filesystem date_time program_options thread chrono 
-- Found Boost: /usr/lib/aarch64-linux-gnu/cmake/Boost-1.74.0/BoostConfig.cmake (found version "1.74.0") found components: thread system filesystem regex date_time program_options 
-- Found Boost: /usr/lib/aarch64-linux-gnu/cmake/Boost-1.74.0/BoostConfig.cmake (found version "1.74.0") found components: system filesystem date_time program_options thread 
-- Configuring done
-- Generating done
-- Build files have been written to: /workspace/ur5_ws/build/ur5_motion_planning
Consolidate compiler generated dependencies of target ur5_plan_and_analyze_node
[ 50%] Building CXX object CMakeFiles/ur5_plan_and_analyze_node.dir/src/ur5_plan_and_analyze_node.cpp.o
/workspace/ur5_ws/src/ur5_motion_planning/src/ur5_plan_and_analyze_node.cpp: In function ‘int main(int, char**)’:
/workspace/ur5_ws/src/ur5_motion_planning/src/ur5_plan_and_analyze_node.cpp:155:21: error: no matching function for call to ‘max(size_t&, unsigned int)’
  155 |   n_steps = std::max(n_steps, 2u);
      |             ~~~~~~~~^~~~~~~~~~~~~
In file included from /usr/include/c++/11/bits/specfun.h:45,
                 from /usr/include/c++/11/cmath:1935,
                 from /workspace/ur5_ws/src/ur5_motion_planning/src/ur5_plan_and_analyze_node.cpp:9:
/usr/include/c++/11/bits/stl_algobase.h:254:5: note: candidate: ‘template<class _Tp> constexpr const _Tp& std::max(const _Tp&, const _Tp&)’
  254 |     max(const _Tp& __a, const _Tp& __b)
      |     ^~~
/usr/include/c++/11/bits/stl_algobase.h:254:5: note:   template argument deduction/substitution failed:
/workspace/ur5_ws/src/ur5_motion_planning/src/ur5_plan_and_analyze_node.cpp:155:21: note:   deduced conflicting types for parameter ‘const _Tp’ (‘long unsigned int’ and ‘unsigned int’)
  155 |   n_steps = std::max(n_steps, 2u);
      |             ~~~~~~~~^~~~~~~~~~~~~
In file included from /usr/include/c++/11/bits/specfun.h:45,
                 from /usr/include/c++/11/cmath:1935,
                 from /workspace/ur5_ws/src/ur5_motion_planning/src/ur5_plan_and_analyze_node.cpp:9:
/usr/include/c++/11/bits/stl_algobase.h:300:5: note: candidate: ‘template<class _Tp, class _Compare> constexpr const _Tp& std::max(const _Tp&, const _Tp&, _Compare)’
  300 |     max(const _Tp& __a, const _Tp& __b, _Compare __comp)
      |     ^~~
/usr/include/c++/11/bits/stl_algobase.h:300:5: note:   template argument deduction/substitution failed:
/workspace/ur5_ws/src/ur5_motion_planning/src/ur5_plan_and_analyze_node.cpp:155:21: note:   deduced conflicting types for parameter ‘const _Tp’ (‘long unsigned int’ and ‘unsigned int’)
  155 |   n_steps = std::max(n_steps, 2u);
      |             ~~~~~~~~^~~~~~~~~~~~~
In file included from /usr/include/c++/11/functional:65,
                 from /usr/include/eigen3/Eigen/Core:85,
                 from /workspace/ur5_ws/src/ur5_motion_planning/src/ur5_plan_and_analyze_node.cpp:16:
/usr/include/c++/11/bits/stl_algo.h:3461:5: note: candidate: ‘template<class _Tp> constexpr _Tp std::max(std::initializer_list<_Tp>)’
 3461 |     max(initializer_list<_Tp> __l)
      |     ^~~
/usr/include/c++/11/bits/stl_algo.h:3461:5: note:   template argument deduction/substitution failed:
/workspace/ur5_ws/src/ur5_motion_planning/src/ur5_plan_and_analyze_node.cpp:155:21: note:   mismatched types ‘std::initializer_list<_Tp>’ and ‘long unsigned int’
  155 |   n_steps = std::max(n_steps, 2u);
      |             ~~~~~~~~^~~~~~~~~~~~~
In file included from /usr/include/c++/11/functional:65,
                 from /usr/include/eigen3/Eigen/Core:85,
                 from /workspace/ur5_ws/src/ur5_motion_planning/src/ur5_plan_and_analyze_node.cpp:16:
/usr/include/c++/11/bits/stl_algo.h:3467:5: note: candidate: ‘template<class _Tp, class _Compare> constexpr _Tp std::max(std::initializer_list<_Tp>, _Compare)’
 3467 |     max(initializer_list<_Tp> __l, _Compare __comp)
      |     ^~~
/usr/include/c++/11/bits/stl_algo.h:3467:5: note:   template argument deduction/substitution failed:
/workspace/ur5_ws/src/ur5_motion_planning/src/ur5_plan_and_analyze_node.cpp:155:21: note:   mismatched types ‘std::initializer_list<_Tp>’ and ‘long unsigned int’
  155 |   n_steps = std::max(n_steps, 2u);
      |             ~~~~~~~~^~~~~~~~~~~~~
gmake[2]: *** [CMakeFiles/ur5_plan_and_analyze_node.dir/build.make:76: CMakeFiles/ur5_plan_and_analyze_node.dir/src/ur5_plan_and_analyze_node.cpp.o] Error 1
gmake[1]: *** [CMakeFiles/Makefile2:137: CMakeFiles/ur5_plan_and_analyze_node.dir/all] Error 2
gmake: *** [Makefile:146: all] Error 2
