[0.000000] (-) TimerEvent: {}
[0.000148] (-) JobUnselected: {'identifier': 'ur'}
[0.001662] (-) JobUnselected: {'identifier': 'ur5_kdl_ik'}
[0.002303] (-) JobUnselected: {'identifier': 'ur5_minimal_moveit'}
[0.002410] (-) JobUnselected: {'identifier': 'ur_calibration'}
[0.002482] (-) JobUnselected: {'identifier': 'ur_controllers'}
[0.002538] (-) JobUnselected: {'identifier': 'ur_dashboard_msgs'}
[0.002618] (-) JobUnselected: {'identifier': 'ur_description'}
[0.002792] (-) JobUnselected: {'identifier': 'ur_moveit_config'}
[0.002890] (-) JobUnselected: {'identifier': 'ur_robot_driver'}
[0.003029] (ur5_motion_planning) JobQueued: {'identifier': 'ur5_motion_planning', 'dependencies': OrderedDict([('ur_description', '/workspace/ur5_ws/install/ur_description'), ('ur_moveit_config', '/workspace/ur5_ws/install/ur_moveit_config')])}
[0.003825] (ur5_motion_planning) JobStarted: {'identifier': 'ur5_motion_planning'}
[0.008797] (ur5_motion_planning) JobProgress: {'identifier': 'ur5_motion_planning', 'progress': 'cmake'}
[0.010277] (ur5_motion_planning) JobProgress: {'identifier': 'ur5_motion_planning', 'progress': 'build'}
[0.011537] (ur5_motion_planning) Command: {'cmd': ['/usr/bin/cmake', '--build', '/workspace/ur5_ws/build/ur5_motion_planning', '--', '-j11', '-l11'], 'cwd': '/workspace/ur5_ws/build/ur5_motion_planning', 'env': OrderedDict([('HOSTNAME', '10a6f84be8b2'), ('SHLVL', '1'), ('LD_LIBRARY_PATH', '/opt/ros/humble/lib/aarch64-linux-gnu:/opt/ros/humble/lib'), ('HOME', '/root'), ('OLDPWD', '/'), ('ROS_PYTHON_VERSION', '3'), ('ROS_DISTRO', 'humble'), ('_', '/usr/bin/colcon'), ('ROS_VERSION', '2'), ('ROS_LOCALHOST_ONLY', '0'), ('PATH', '/opt/ros/humble/bin:/usr/local/sbin:/usr/local/bin:/usr/sbin:/usr/bin:/sbin:/bin'), ('LANG', 'C.UTF-8'), ('AMENT_PREFIX_PATH', '/workspace/ur5_ws/install/ur_moveit_config:/workspace/ur5_ws/install/ur_description:/opt/ros/humble'), ('PWD', '/workspace/ur5_ws/build/ur5_motion_planning'), ('LC_ALL', 'C.UTF-8'), ('PYTHONPATH', '/opt/ros/humble/lib/python3.10/site-packages:/opt/ros/humble/local/lib/python3.10/dist-packages'), ('COLCON', '1'), ('CMAKE_PREFIX_PATH', '/workspace/ur5_ws/install/ur_moveit_config:/workspace/ur5_ws/install/ur_description:/opt/ros/humble')]), 'shell': False}
[0.098696] (-) TimerEvent: {}
[0.199673] (-) TimerEvent: {}
[0.261006] (ur5_motion_planning) StdoutLine: {'line': b'Consolidate compiler generated dependencies of target ur5_plan_and_analyze_node\n'}
[0.285948] (ur5_motion_planning) StdoutLine: {'line': b'[ 50%] Building CXX object CMakeFiles/ur5_plan_and_analyze_node.dir/src/ur5_plan_and_analyze_node.cpp.o\n'}
[0.300880] (-) TimerEvent: {}
[0.403682] (-) TimerEvent: {}
[0.509696] (-) TimerEvent: {}
[0.610714] (-) TimerEvent: {}
[0.711673] (-) TimerEvent: {}
[0.812681] (-) TimerEvent: {}
[0.913710] (-) TimerEvent: {}
[1.014677] (-) TimerEvent: {}
[1.115679] (-) TimerEvent: {}
[1.216671] (-) TimerEvent: {}
[1.317697] (-) TimerEvent: {}
[1.418694] (-) TimerEvent: {}
[1.519707] (-) TimerEvent: {}
[1.620703] (-) TimerEvent: {}
[1.721665] (-) TimerEvent: {}
[1.822660] (-) TimerEvent: {}
[1.923672] (-) TimerEvent: {}
[2.024915] (-) TimerEvent: {}
[2.129665] (-) TimerEvent: {}
[2.230657] (-) TimerEvent: {}
[2.331654] (-) TimerEvent: {}
[2.432657] (-) TimerEvent: {}
[2.533655] (-) TimerEvent: {}
[2.634656] (-) TimerEvent: {}
[2.735684] (-) TimerEvent: {}
[2.836670] (-) TimerEvent: {}
[2.937760] (-) TimerEvent: {}
[3.038652] (-) TimerEvent: {}
[3.139686] (-) TimerEvent: {}
[3.240656] (-) TimerEvent: {}
[3.341668] (-) TimerEvent: {}
[3.442691] (-) TimerEvent: {}
[3.543753] (-) TimerEvent: {}
[3.644683] (-) TimerEvent: {}
[3.663145] (ur5_motion_planning) StderrLine: {'line': b'/workspace/ur5_ws/src/ur5_motion_planning/src/ur5_plan_and_analyze_node.cpp: In function \xe2\x80\x98int main(int, char**)\xe2\x80\x99:\n'}
[3.666985] (ur5_motion_planning) StderrLine: {'line': b'/workspace/ur5_ws/src/ur5_motion_planning/src/ur5_plan_and_analyze_node.cpp:486:3: error: \xe2\x80\x98au\xe2\x80\x99 was not declared in this scope\n'}
[3.667246] (ur5_motion_planning) StderrLine: {'line': b'  486 |   au\n'}
[3.667536] (ur5_motion_planning) StderrLine: {'line': b'      |   ^~\n'}
[3.667748] (ur5_motion_planning) StderrLine: {'line': b'/workspace/ur5_ws/src/ur5_motion_planning/src/ur5_plan_and_analyze_node.cpp:486:5: error: expected \xe2\x80\x98}\xe2\x80\x99 at end of input\n'}
[3.667957] (ur5_motion_planning) StderrLine: {'line': b'  486 |   au\n'}
[3.668148] (ur5_motion_planning) StderrLine: {'line': b'      |     ^\n'}
[3.668350] (ur5_motion_planning) StderrLine: {'line': b'/workspace/ur5_ws/src/ur5_motion_planning/src/ur5_plan_and_analyze_node.cpp:83:33: note: to match this \xe2\x80\x98{\xe2\x80\x99\n'}
[3.668548] (ur5_motion_planning) StderrLine: {'line': b'   83 | int main(int argc, char** argv) {\n'}
[3.668751] (ur5_motion_planning) StderrLine: {'line': b'      |                                 ^\n'}
[3.745683] (-) TimerEvent: {}
[3.846680] (-) TimerEvent: {}
[3.947662] (-) TimerEvent: {}
[4.048687] (-) TimerEvent: {}
[4.149670] (-) TimerEvent: {}
[4.250655] (-) TimerEvent: {}
[4.351648] (-) TimerEvent: {}
[4.452652] (-) TimerEvent: {}
[4.553706] (-) TimerEvent: {}
[4.654721] (-) TimerEvent: {}
[4.755682] (-) TimerEvent: {}
[4.856722] (-) TimerEvent: {}
[4.963282] (-) TimerEvent: {}
[5.067673] (-) TimerEvent: {}
[5.168726] (-) TimerEvent: {}
[5.271687] (-) TimerEvent: {}
[5.372691] (-) TimerEvent: {}
[5.473668] (-) TimerEvent: {}
[5.574693] (-) TimerEvent: {}
[5.675713] (-) TimerEvent: {}
[5.776689] (-) TimerEvent: {}
[5.877672] (-) TimerEvent: {}
[5.978674] (-) TimerEvent: {}
[6.079704] (-) TimerEvent: {}
[6.103964] (ur5_motion_planning) StderrLine: {'line': b'gmake[2]: *** [CMakeFiles/ur5_plan_and_analyze_node.dir/build.make:76: CMakeFiles/ur5_plan_and_analyze_node.dir/src/ur5_plan_and_analyze_node.cpp.o] Error 1\n'}
[6.106791] (ur5_motion_planning) StderrLine: {'line': b'gmake[1]: *** [CMakeFiles/Makefile2:137: CMakeFiles/ur5_plan_and_analyze_node.dir/all] Error 2\n'}
[6.107200] (ur5_motion_planning) StderrLine: {'line': b'gmake: *** [Makefile:146: all] Error 2\n'}
[6.107561] (ur5_motion_planning) CommandEnded: {'returncode': 2}
[6.126540] (ur5_motion_planning) JobEnded: {'identifier': 'ur5_motion_planning', 'rc': 2}
[6.138157] (-) EventReactorShutdown: {}
