[0.000000] (-) TimerEvent: {}
[0.000987] (-) JobUnselected: {'identifier': 'ur'}
[0.001168] (-) JobUnselected: {'identifier': 'ur5_minimal_moveit'}
[0.001222] (-) JobUnselected: {'identifier': 'ur_calibration'}
[0.001324] (-) JobUnselected: {'identifier': 'ur_controllers'}
[0.003110] (-) JobUnselected: {'identifier': 'ur_dashboard_msgs'}
[0.003187] (-) JobUnselected: {'identifier': 'ur_description'}
[0.003234] (-) JobUnselected: {'identifier': 'ur_moveit_config'}
[0.003337] (-) JobUnselected: {'identifier': 'ur_robot_driver'}
[0.003494] (ur5_kdl_ik) JobQueued: {'identifier': 'ur5_kdl_ik', 'dependencies': OrderedDict([('ur_description', '/workspace/ur5_ws/install/ur_description'), ('ur_moveit_config', '/workspace/ur5_ws/install/ur_moveit_config')])}
[0.003573] (ur5_kdl_ik) JobStarted: {'identifier': 'ur5_kdl_ik'}
[0.008195] (ur5_kdl_ik) JobProgress: {'identifier': 'ur5_kdl_ik', 'progress': 'cmake'}
[0.009733] (ur5_kdl_ik) Command: {'cmd': ['/usr/bin/cmake', '/workspace/ur5_ws/src/ur5_kdl_ik', '-DAMENT_CMAKE_SYMLINK_INSTALL=1', '-DCMAKE_INSTALL_PREFIX=/workspace/ur5_ws/install/ur5_kdl_ik'], 'cwd': '/workspace/ur5_ws/build/ur5_kdl_ik', 'env': OrderedDict([('HOSTNAME', '10a6f84be8b2'), ('SHLVL', '1'), ('LD_LIBRARY_PATH', '/opt/ros/humble/lib/aarch64-linux-gnu:/opt/ros/humble/lib'), ('HOME', '/root'), ('OLDPWD', '/'), ('ROS_PYTHON_VERSION', '3'), ('ROS_DISTRO', 'humble'), ('_', '/usr/bin/colcon'), ('ROS_VERSION', '2'), ('ROS_LOCALHOST_ONLY', '0'), ('PATH', '/opt/ros/humble/bin:/usr/local/sbin:/usr/local/bin:/usr/sbin:/usr/bin:/sbin:/bin'), ('LANG', 'C.UTF-8'), ('AMENT_PREFIX_PATH', '/workspace/ur5_ws/install/ur_moveit_config:/workspace/ur5_ws/install/ur_description:/opt/ros/humble'), ('PWD', '/workspace/ur5_ws/build/ur5_kdl_ik'), ('LC_ALL', 'C.UTF-8'), ('PYTHONPATH', '/opt/ros/humble/lib/python3.10/site-packages:/opt/ros/humble/local/lib/python3.10/dist-packages'), ('COLCON', '1'), ('CMAKE_PREFIX_PATH', '/workspace/ur5_ws/install/ur_moveit_config:/workspace/ur5_ws/install/ur_description:/opt/ros/humble')]), 'shell': False}
[0.019474] (ur5_kdl_ik) StdoutLine: {'line': b'-- Found ament_cmake: 1.3.12 (/opt/ros/humble/share/ament_cmake/cmake)\n'}
[0.090560] (ur5_kdl_ik) StdoutLine: {'line': b'-- Override CMake install command with custom implementation using symlinks instead of copying resources\n'}
[0.098887] (ur5_kdl_ik) StdoutLine: {'line': b'-- Found rclcpp: 16.0.17 (/opt/ros/humble/share/rclcpp/cmake)\n'}
[0.103886] (-) TimerEvent: {}
[0.115610] (ur5_kdl_ik) StdoutLine: {'line': b'-- Found rosidl_generator_c: 3.1.8 (/opt/ros/humble/share/rosidl_generator_c/cmake)\n'}
[0.118854] (ur5_kdl_ik) StdoutLine: {'line': b'-- Found rosidl_adapter: 3.1.8 (/opt/ros/humble/share/rosidl_adapter/cmake)\n'}
[0.121134] (ur5_kdl_ik) StdoutLine: {'line': b'-- Found rosidl_generator_cpp: 3.1.8 (/opt/ros/humble/share/rosidl_generator_cpp/cmake)\n'}
[0.127359] (ur5_kdl_ik) StdoutLine: {'line': b'-- Using all available rosidl_typesupport_c: rosidl_typesupport_fastrtps_c;rosidl_typesupport_introspection_c\n'}
[0.135296] (ur5_kdl_ik) StdoutLine: {'line': b'-- Using all available rosidl_typesupport_cpp: rosidl_typesupport_fastrtps_cpp;rosidl_typesupport_introspection_cpp\n'}
[0.156074] (ur5_kdl_ik) StdoutLine: {'line': b'-- Found rmw_implementation_cmake: 6.1.2 (/opt/ros/humble/share/rmw_implementation_cmake/cmake)\n'}
[0.157708] (ur5_kdl_ik) StdoutLine: {'line': b'-- Found rmw_fastrtps_cpp: 6.2.9 (/opt/ros/humble/share/rmw_fastrtps_cpp/cmake)\n'}
[0.204700] (-) TimerEvent: {}
[0.227853] (ur5_kdl_ik) StdoutLine: {'line': b"-- Using RMW implementation 'rmw_fastrtps_cpp' as default\n"}
[0.260095] (ur5_kdl_ik) StdoutLine: {'line': b'-- Found geometry_msgs: 4.9.0 (/opt/ros/humble/share/geometry_msgs/cmake)\n'}
[0.268002] (ur5_kdl_ik) StdoutLine: {'line': b'-- Found tf2_geometry_msgs: 0.25.18 (/opt/ros/humble/share/tf2_geometry_msgs/cmake)\n'}
[0.269823] (ur5_kdl_ik) StdoutLine: {'line': b'-- Found eigen3_cmake_module: 0.1.1 (/opt/ros/humble/share/eigen3_cmake_module/cmake)\n'}
[0.281347] (ur5_kdl_ik) StdoutLine: {'line': b'-- Ensuring Eigen3 include directory is part of orocos-kdl CMake target\n'}
[0.307820] (-) TimerEvent: {}
[0.357578] (ur5_kdl_ik) StdoutLine: {'line': b'-- Found moveit_core: 2.5.9 (/opt/ros/humble/share/moveit_core/cmake)\n'}
[0.366905] (ur5_kdl_ik) StdoutLine: {'line': b'-- Found Boost: /usr/lib/aarch64-linux-gnu/cmake/Boost-1.74.0/BoostConfig.cmake (found version "1.74.0") found components: chrono date_time filesystem iostreams program_options regex serialization system thread \n'}
[0.384789] (ur5_kdl_ik) StdoutLine: {'line': b'-- Found parameter_traits: 0.6.0 (/opt/ros/humble/share/parameter_traits/cmake)\n'}
[0.390750] (ur5_kdl_ik) StdoutLine: {'line': b'-- Found rclcpp_lifecycle: 16.0.17 (/opt/ros/humble/share/rclcpp_lifecycle/cmake)\n'}
[0.402464] (ur5_kdl_ik) StdoutLine: {'line': b'-- Found Boost: /usr/lib/aarch64-linux-gnu/cmake/Boost-1.74.0/BoostConfig.cmake (found version "1.74.0") found components: filesystem \n'}
[0.408696] (-) TimerEvent: {}
[0.424737] (ur5_kdl_ik) StdoutLine: {'line': b'-- library: /usr/lib/aarch64-linux-gnu/libcurl.so\n'}
[0.509726] (-) TimerEvent: {}
[0.560917] (ur5_kdl_ik) StdoutLine: {'line': b'-- Found moveit_ros_planning_interface: 2.5.9 (/opt/ros/humble/share/moveit_ros_planning_interface/cmake)\n'}
[0.564986] (ur5_kdl_ik) StdoutLine: {'line': b'-- Found Boost: /usr/lib/aarch64-linux-gnu/cmake/Boost-1.74.0/BoostConfig.cmake (found version "1.74.0") found components: date_time filesystem program_options system thread \n'}
[0.578755] (ur5_kdl_ik) StdoutLine: {'line': b'-- Found Boost: /usr/lib/aarch64-linux-gnu/cmake/Boost-1.74.0/BoostConfig.cmake (found version "1.74.0") found components: system filesystem date_time program_options thread chrono \n'}
[0.610694] (-) TimerEvent: {}
[0.614705] (ur5_kdl_ik) StdoutLine: {'line': b'-- Found Boost: /usr/lib/aarch64-linux-gnu/cmake/Boost-1.74.0/BoostConfig.cmake (found version "1.74.0") found components: thread system filesystem regex date_time program_options \n'}
[0.638062] (ur5_kdl_ik) StdoutLine: {'line': b'-- Found Boost: /usr/lib/aarch64-linux-gnu/cmake/Boost-1.74.0/BoostConfig.cmake (found version "1.74.0") found components: system filesystem date_time program_options thread \n'}
[0.674929] (ur5_kdl_ik) StdoutLine: {'line': b'-- Found moveit_kinematics: 2.5.9 (/opt/ros/humble/share/moveit_kinematics/cmake)\n'}
[0.678478] (ur5_kdl_ik) StdoutLine: {'line': b'-- Found Boost: /usr/lib/aarch64-linux-gnu/cmake/Boost-1.74.0/BoostConfig.cmake (found version "1.74.0") found components: program_options system \n'}
[0.711764] (-) TimerEvent: {}
[0.761946] (ur5_kdl_ik) StdoutLine: {'line': b'-- Configuring done\n'}
[0.808460] (ur5_kdl_ik) StdoutLine: {'line': b'-- Generating done\n'}
[0.812701] (-) TimerEvent: {}
[0.825706] (ur5_kdl_ik) StdoutLine: {'line': b'-- Build files have been written to: /workspace/ur5_ws/build/ur5_kdl_ik\n'}
[0.831808] (ur5_kdl_ik) CommandEnded: {'returncode': 0}
[0.832431] (ur5_kdl_ik) JobProgress: {'identifier': 'ur5_kdl_ik', 'progress': 'build'}
[0.833826] (ur5_kdl_ik) Command: {'cmd': ['/usr/bin/cmake', '--build', '/workspace/ur5_ws/build/ur5_kdl_ik', '--', '-j11', '-l11'], 'cwd': '/workspace/ur5_ws/build/ur5_kdl_ik', 'env': OrderedDict([('HOSTNAME', '10a6f84be8b2'), ('SHLVL', '1'), ('LD_LIBRARY_PATH', '/opt/ros/humble/lib/aarch64-linux-gnu:/opt/ros/humble/lib'), ('HOME', '/root'), ('OLDPWD', '/'), ('ROS_PYTHON_VERSION', '3'), ('ROS_DISTRO', 'humble'), ('_', '/usr/bin/colcon'), ('ROS_VERSION', '2'), ('ROS_LOCALHOST_ONLY', '0'), ('PATH', '/opt/ros/humble/bin:/usr/local/sbin:/usr/local/bin:/usr/sbin:/usr/bin:/sbin:/bin'), ('LANG', 'C.UTF-8'), ('AMENT_PREFIX_PATH', '/workspace/ur5_ws/install/ur_moveit_config:/workspace/ur5_ws/install/ur_description:/opt/ros/humble'), ('PWD', '/workspace/ur5_ws/build/ur5_kdl_ik'), ('LC_ALL', 'C.UTF-8'), ('PYTHONPATH', '/opt/ros/humble/lib/python3.10/site-packages:/opt/ros/humble/local/lib/python3.10/dist-packages'), ('COLCON', '1'), ('CMAKE_PREFIX_PATH', '/workspace/ur5_ws/install/ur_moveit_config:/workspace/ur5_ws/install/ur_description:/opt/ros/humble')]), 'shell': False}
[0.870621] (ur5_kdl_ik) StdoutLine: {'line': b'[ 50%] Building CXX object CMakeFiles/ur5_kdl_ik_baseline.dir/src/ur5_kdl_ik_node.cpp.o\n'}
[0.913741] (-) TimerEvent: {}
[1.016959] (-) TimerEvent: {}
[1.119724] (-) TimerEvent: {}
[1.220725] (-) TimerEvent: {}
[1.267569] (ur5_kdl_ik) StderrLine: {'line': b'/workspace/ur5_ws/src/ur5_kdl_ik/src/ur5_kdl_ik_node.cpp:17:10: fatal error: moveit/core/robot_model.h: No such file or directory\n'}
[1.268870] (ur5_kdl_ik) StderrLine: {'line': b'   17 | #include <moveit/core/robot_model.h>\n'}
[1.269282] (ur5_kdl_ik) StderrLine: {'line': b'      |          ^~~~~~~~~~~~~~~~~~~~~~~~~~~\n'}
[1.269549] (ur5_kdl_ik) StderrLine: {'line': b'compilation terminated.\n'}
[1.269796] (ur5_kdl_ik) StderrLine: {'line': b'gmake[2]: *** [CMakeFiles/ur5_kdl_ik_baseline.dir/build.make:76: CMakeFiles/ur5_kdl_ik_baseline.dir/src/ur5_kdl_ik_node.cpp.o] Error 1\n'}
[1.270208] (ur5_kdl_ik) StderrLine: {'line': b'gmake[1]: *** [CMakeFiles/Makefile2:137: CMakeFiles/ur5_kdl_ik_baseline.dir/all] Error 2\n'}
[1.270910] (ur5_kdl_ik) StderrLine: {'line': b'gmake: *** [Makefile:146: all] Error 2\n'}
[1.271251] (ur5_kdl_ik) CommandEnded: {'returncode': 2}
[1.283588] (ur5_kdl_ik) JobEnded: {'identifier': 'ur5_kdl_ik', 'rc': 2}
[1.294573] (-) EventReactorShutdown: {}
