[0.000000] (-) TimerEvent: {}
[0.000634] (-) JobUnselected: {'identifier': 'ur'}
[0.000747] (-) JobUnselected: {'identifier': 'ur5_kdl_ik'}
[0.000906] (-) JobUnselected: {'identifier': 'ur_calibration'}
[0.001163] (-) JobUnselected: {'identifier': 'ur_controllers'}
[0.001294] (-) JobUnselected: {'identifier': 'ur_dashboard_msgs'}
[0.001516] (-) JobUnselected: {'identifier': 'ur_description'}
[0.001680] (-) JobUnselected: {'identifier': 'ur_moveit_config'}
[0.001832] (-) JobUnselected: {'identifier': 'ur_robot_driver'}
[0.002030] (ur5_minimal_moveit) JobQueued: {'identifier': 'ur5_minimal_moveit', 'dependencies': OrderedDict([('ur_description', '/workspace/ur5_ws/install/ur_description'), ('ur_moveit_config', '/workspace/ur5_ws/install/ur_moveit_config')])}
[0.002178] (ur5_motion_planning) JobQueued: {'identifier': 'ur5_motion_planning', 'dependencies': OrderedDict([('ur_description', '/workspace/ur5_ws/install/ur_description'), ('ur_moveit_config', '/workspace/ur5_ws/install/ur_moveit_config'), ('ur5_minimal_moveit', '/workspace/ur5_ws/install/ur5_minimal_moveit')])}
[0.002363] (ur5_minimal_moveit) JobStarted: {'identifier': 'ur5_minimal_moveit'}
[0.098180] (-) TimerEvent: {}
[0.199183] (-) TimerEvent: {}
[0.304574] (-) TimerEvent: {}
[0.357765] (ur5_minimal_moveit) Command: {'cmd': ['/usr/bin/python3', '-W', 'ignore:setup.py install is deprecated', '-W', 'ignore:easy_install command is deprecated', 'setup.py', 'egg_info', '--egg-base', '../../build/ur5_minimal_moveit', 'build', '--build-base', '/workspace/ur5_ws/build/ur5_minimal_moveit/build', 'install', '--record', '/workspace/ur5_ws/build/ur5_minimal_moveit/install.log', '--single-version-externally-managed', 'install_data'], 'cwd': '/workspace/ur5_ws/src/ur5_minimal_moveit', 'env': {'HOSTNAME': '10a6f84be8b2', 'SHLVL': '1', 'LD_LIBRARY_PATH': '/opt/ros/humble/opt/rviz_ogre_vendor/lib:/opt/ros/humble/lib/aarch64-linux-gnu:/opt/ros/humble/lib', 'HOME': '/root', 'OLDPWD': '/', 'ROS_PYTHON_VERSION': '3', 'ROS_DISTRO': 'humble', '_': '/usr/bin/colcon', 'ROS_VERSION': '2', 'ROS_LOCALHOST_ONLY': '0', 'PATH': '/opt/ros/humble/bin:/usr/local/sbin:/usr/local/bin:/usr/sbin:/usr/bin:/sbin:/bin', 'LANG': 'C.UTF-8', 'AMENT_PREFIX_PATH': '/workspace/ur5_ws/install/ur_moveit_config:/workspace/ur5_ws/install/ur_description:/opt/ros/humble', 'PWD': '/workspace/ur5_ws/build/ur5_minimal_moveit', 'LC_ALL': 'C.UTF-8', 'PYTHONPATH': '/workspace/ur5_ws/build/ur5_minimal_moveit/prefix_override:/usr/lib/python3/dist-packages/colcon_core/task/python/colcon_distutils_commands:/workspace/ur5_ws/install/ur5_minimal_moveit/lib/python3.10/site-packages:/opt/ros/humble/lib/python3.10/site-packages:/opt/ros/humble/local/lib/python3.10/dist-packages', 'COLCON': '1', 'CMAKE_PREFIX_PATH': '/workspace/ur5_ws/install/ur_moveit_config:/workspace/ur5_ws/install/ur_description'}, 'shell': False}
[0.406595] (-) TimerEvent: {}
[0.511791] (ur5_minimal_moveit) StdoutLine: {'line': b'running egg_info\n'}
[0.513420] (-) TimerEvent: {}
[0.513521] (ur5_minimal_moveit) StdoutLine: {'line': b'creating ../../build/ur5_minimal_moveit/ur5_minimal_moveit.egg-info\n'}
[0.514787] (ur5_minimal_moveit) StdoutLine: {'line': b'writing ../../build/ur5_minimal_moveit/ur5_minimal_moveit.egg-info/PKG-INFO\n'}
[0.517437] (ur5_minimal_moveit) StdoutLine: {'line': b'writing dependency_links to ../../build/ur5_minimal_moveit/ur5_minimal_moveit.egg-info/dependency_links.txt\n'}
[0.518340] (ur5_minimal_moveit) StdoutLine: {'line': b'writing entry points to ../../build/ur5_minimal_moveit/ur5_minimal_moveit.egg-info/entry_points.txt\n'}
[0.519595] (ur5_minimal_moveit) StdoutLine: {'line': b'writing requirements to ../../build/ur5_minimal_moveit/ur5_minimal_moveit.egg-info/requires.txt\n'}
[0.585170] (ur5_minimal_moveit) StdoutLine: {'line': b'writing top-level names to ../../build/ur5_minimal_moveit/ur5_minimal_moveit.egg-info/top_level.txt\n'}
[0.625153] (-) TimerEvent: {}
[0.637794] (ur5_minimal_moveit) StdoutLine: {'line': b"writing manifest file '../../build/ur5_minimal_moveit/ur5_minimal_moveit.egg-info/SOURCES.txt'\n"}
[0.645883] (ur5_minimal_moveit) StdoutLine: {'line': b"reading manifest file '../../build/ur5_minimal_moveit/ur5_minimal_moveit.egg-info/SOURCES.txt'\n"}
[0.648682] (ur5_minimal_moveit) StdoutLine: {'line': b"writing manifest file '../../build/ur5_minimal_moveit/ur5_minimal_moveit.egg-info/SOURCES.txt'\n"}
[0.649322] (ur5_minimal_moveit) StdoutLine: {'line': b'running build\n'}
[0.649735] (ur5_minimal_moveit) StdoutLine: {'line': b'running build_py\n'}
[0.650304] (ur5_minimal_moveit) StdoutLine: {'line': b'creating /workspace/ur5_ws/build/ur5_minimal_moveit/build\n'}
[0.650910] (ur5_minimal_moveit) StdoutLine: {'line': b'creating /workspace/ur5_ws/build/ur5_minimal_moveit/build/lib\n'}
[0.651267] (ur5_minimal_moveit) StdoutLine: {'line': b'creating /workspace/ur5_ws/build/ur5_minimal_moveit/build/lib/ur5_minimal_moveit\n'}
[0.651607] (ur5_minimal_moveit) StdoutLine: {'line': b'copying ur5_minimal_moveit/__init__.py -> /workspace/ur5_ws/build/ur5_minimal_moveit/build/lib/ur5_minimal_moveit\n'}
[0.653184] (ur5_minimal_moveit) StdoutLine: {'line': b'copying ur5_minimal_moveit/fake_joint_trajectory_controller.py -> /workspace/ur5_ws/build/ur5_minimal_moveit/build/lib/ur5_minimal_moveit\n'}
[0.655169] (ur5_minimal_moveit) StdoutLine: {'line': b'running install\n'}
[0.656732] (ur5_minimal_moveit) StdoutLine: {'line': b'running install_lib\n'}
[0.657650] (ur5_minimal_moveit) StdoutLine: {'line': b'creating /workspace/ur5_ws/install/ur5_minimal_moveit/lib/python3.10/site-packages/ur5_minimal_moveit\n'}
[0.658156] (ur5_minimal_moveit) StdoutLine: {'line': b'copying /workspace/ur5_ws/build/ur5_minimal_moveit/build/lib/ur5_minimal_moveit/__init__.py -> /workspace/ur5_ws/install/ur5_minimal_moveit/lib/python3.10/site-packages/ur5_minimal_moveit\n'}
[0.659225] (ur5_minimal_moveit) StdoutLine: {'line': b'copying /workspace/ur5_ws/build/ur5_minimal_moveit/build/lib/ur5_minimal_moveit/fake_joint_trajectory_controller.py -> /workspace/ur5_ws/install/ur5_minimal_moveit/lib/python3.10/site-packages/ur5_minimal_moveit\n'}
[0.670259] (ur5_minimal_moveit) StdoutLine: {'line': b'byte-compiling /workspace/ur5_ws/install/ur5_minimal_moveit/lib/python3.10/site-packages/ur5_minimal_moveit/__init__.py to __init__.cpython-310.pyc\n'}
[0.684563] (ur5_minimal_moveit) StdoutLine: {'line': b'byte-compiling /workspace/ur5_ws/install/ur5_minimal_moveit/lib/python3.10/site-packages/ur5_minimal_moveit/fake_joint_trajectory_controller.py to fake_joint_trajectory_controller.cpython-310.pyc\n'}
[0.692847] (ur5_minimal_moveit) StdoutLine: {'line': b'running install_data\n'}
[0.694793] (ur5_minimal_moveit) StdoutLine: {'line': b'creating /workspace/ur5_ws/install/ur5_minimal_moveit/share/ament_index\n'}
[0.696973] (ur5_minimal_moveit) StdoutLine: {'line': b'creating /workspace/ur5_ws/install/ur5_minimal_moveit/share/ament_index/resource_index\n'}
[0.698665] (ur5_minimal_moveit) StdoutLine: {'line': b'creating /workspace/ur5_ws/install/ur5_minimal_moveit/share/ament_index/resource_index/packages\n'}
[0.699776] (ur5_minimal_moveit) StdoutLine: {'line': b'copying resource/ur5_minimal_moveit -> /workspace/ur5_ws/install/ur5_minimal_moveit/share/ament_index/resource_index/packages\n'}
[0.701964] (ur5_minimal_moveit) StdoutLine: {'line': b'copying package.xml -> /workspace/ur5_ws/install/ur5_minimal_moveit/share/ur5_minimal_moveit\n'}
[0.707859] (ur5_minimal_moveit) StdoutLine: {'line': b'creating /workspace/ur5_ws/install/ur5_minimal_moveit/share/ur5_minimal_moveit/launch\n'}
[0.709168] (ur5_minimal_moveit) StdoutLine: {'line': b'copying launch/ur5_moveit_minimal.launch.py -> /workspace/ur5_ws/install/ur5_minimal_moveit/share/ur5_minimal_moveit/launch\n'}
[0.715206] (ur5_minimal_moveit) StdoutLine: {'line': b'running install_egg_info\n'}
[0.717694] (ur5_minimal_moveit) StdoutLine: {'line': b'Copying ../../build/ur5_minimal_moveit/ur5_minimal_moveit.egg-info to /workspace/ur5_ws/install/ur5_minimal_moveit/lib/python3.10/site-packages/ur5_minimal_moveit-0.0.0-py3.10.egg-info\n'}
[0.726474] (-) TimerEvent: {}
[0.737191] (ur5_minimal_moveit) StdoutLine: {'line': b'running install_scripts\n'}
[0.752790] (ur5_minimal_moveit) StdoutLine: {'line': b'Installing fake_joint_trajectory_controller script to /workspace/ur5_ws/install/ur5_minimal_moveit/lib/ur5_minimal_moveit\n'}
[0.757132] (ur5_minimal_moveit) StdoutLine: {'line': b"writing list of installed files to '/workspace/ur5_ws/build/ur5_minimal_moveit/install.log'\n"}
[0.777924] (ur5_minimal_moveit) CommandEnded: {'returncode': 0}
[0.801554] (ur5_minimal_moveit) JobEnded: {'identifier': 'ur5_minimal_moveit', 'rc': 0}
[0.804913] (ur5_motion_planning) JobStarted: {'identifier': 'ur5_motion_planning'}
[0.813230] (ur5_motion_planning) JobProgress: {'identifier': 'ur5_motion_planning', 'progress': 'cmake'}
[0.816555] (ur5_motion_planning) Command: {'cmd': ['/usr/bin/cmake', '/workspace/ur5_ws/src/ur5_motion_planning', '-DCMAKE_INSTALL_PREFIX=/workspace/ur5_ws/install/ur5_motion_planning'], 'cwd': '/workspace/ur5_ws/build/ur5_motion_planning', 'env': OrderedDict([('HOSTNAME', '10a6f84be8b2'), ('SHLVL', '1'), ('LD_LIBRARY_PATH', '/opt/ros/humble/opt/rviz_ogre_vendor/lib:/opt/ros/humble/lib/aarch64-linux-gnu:/opt/ros/humble/lib'), ('HOME', '/root'), ('OLDPWD', '/'), ('ROS_PYTHON_VERSION', '3'), ('ROS_DISTRO', 'humble'), ('_', '/usr/bin/colcon'), ('ROS_VERSION', '2'), ('ROS_LOCALHOST_ONLY', '0'), ('PATH', '/opt/ros/humble/bin:/usr/local/sbin:/usr/local/bin:/usr/sbin:/usr/bin:/sbin:/bin'), ('LANG', 'C.UTF-8'), ('AMENT_PREFIX_PATH', '/workspace/ur5_ws/install/ur5_minimal_moveit:/workspace/ur5_ws/install/ur_moveit_config:/workspace/ur5_ws/install/ur_description:/opt/ros/humble'), ('PWD', '/workspace/ur5_ws/build/ur5_motion_planning'), ('LC_ALL', 'C.UTF-8'), ('PYTHONPATH', '/workspace/ur5_ws/install/ur5_minimal_moveit/lib/python3.10/site-packages:/opt/ros/humble/lib/python3.10/site-packages:/opt/ros/humble/local/lib/python3.10/dist-packages'), ('COLCON', '1'), ('CMAKE_PREFIX_PATH', '/workspace/ur5_ws/install/ur_moveit_config:/workspace/ur5_ws/install/ur_description:/opt/ros/humble')]), 'shell': False}
[0.827469] (-) TimerEvent: {}
[0.887515] (ur5_motion_planning) StdoutLine: {'line': b'-- The C compiler identification is GNU 11.4.0\n'}
[0.928194] (-) TimerEvent: {}
[0.941478] (ur5_motion_planning) StdoutLine: {'line': b'-- The CXX compiler identification is GNU 11.4.0\n'}
[0.948798] (ur5_motion_planning) StdoutLine: {'line': b'-- Detecting C compiler ABI info\n'}
[1.026125] (ur5_motion_planning) StdoutLine: {'line': b'-- Detecting C compiler ABI info - done\n'}
[1.029140] (-) TimerEvent: {}
[1.034556] (ur5_motion_planning) StdoutLine: {'line': b'-- Check for working C compiler: /usr/bin/cc - skipped\n'}
[1.035059] (ur5_motion_planning) StdoutLine: {'line': b'-- Detecting C compile features\n'}
[1.035452] (ur5_motion_planning) StdoutLine: {'line': b'-- Detecting C compile features - done\n'}
[1.039189] (ur5_motion_planning) StdoutLine: {'line': b'-- Detecting CXX compiler ABI info\n'}
[1.123841] (ur5_motion_planning) StdoutLine: {'line': b'-- Detecting CXX compiler ABI info - done\n'}
[1.130216] (-) TimerEvent: {}
[1.132028] (ur5_motion_planning) StdoutLine: {'line': b'-- Check for working CXX compiler: /usr/bin/c++ - skipped\n'}
[1.134215] (ur5_motion_planning) StdoutLine: {'line': b'-- Detecting CXX compile features\n'}
[1.135036] (ur5_motion_planning) StdoutLine: {'line': b'-- Detecting CXX compile features - done\n'}
[1.148533] (ur5_motion_planning) StdoutLine: {'line': b'-- Found ament_cmake: 1.3.12 (/opt/ros/humble/share/ament_cmake/cmake)\n'}
[1.232256] (-) TimerEvent: {}
[1.268056] (ur5_motion_planning) StdoutLine: {'line': b'-- Found Python3: /usr/bin/python3 (found version "3.10.12") found components: Interpreter \n'}
[1.333951] (-) TimerEvent: {}
[1.426775] (ur5_motion_planning) StdoutLine: {'line': b'-- Found rclcpp: 16.0.17 (/opt/ros/humble/share/rclcpp/cmake)\n'}
[1.434196] (-) TimerEvent: {}
[1.522396] (ur5_motion_planning) StdoutLine: {'line': b'-- Found rosidl_generator_c: 3.1.8 (/opt/ros/humble/share/rosidl_generator_c/cmake)\n'}
[1.535170] (-) TimerEvent: {}
[1.538171] (ur5_motion_planning) StdoutLine: {'line': b'-- Found rosidl_adapter: 3.1.8 (/opt/ros/humble/share/rosidl_adapter/cmake)\n'}
[1.553997] (ur5_motion_planning) StdoutLine: {'line': b'-- Found rosidl_generator_cpp: 3.1.8 (/opt/ros/humble/share/rosidl_generator_cpp/cmake)\n'}
[1.569007] (ur5_motion_planning) StdoutLine: {'line': b'-- Using all available rosidl_typesupport_c: rosidl_typesupport_fastrtps_c;rosidl_typesupport_introspection_c\n'}
[1.593982] (ur5_motion_planning) StdoutLine: {'line': b'-- Using all available rosidl_typesupport_cpp: rosidl_typesupport_fastrtps_cpp;rosidl_typesupport_introspection_cpp\n'}
[1.636171] (-) TimerEvent: {}
[1.673270] (ur5_motion_planning) StdoutLine: {'line': b'-- Found rmw_implementation_cmake: 6.1.2 (/opt/ros/humble/share/rmw_implementation_cmake/cmake)\n'}
[1.681847] (ur5_motion_planning) StdoutLine: {'line': b'-- Found rmw_fastrtps_cpp: 6.2.9 (/opt/ros/humble/share/rmw_fastrtps_cpp/cmake)\n'}
[1.737162] (-) TimerEvent: {}
[1.770178] (ur5_motion_planning) StdoutLine: {'line': b'-- Found OpenSSL: /usr/lib/aarch64-linux-gnu/libcrypto.so (found version "3.0.2")  \n'}
[1.796874] (ur5_motion_planning) StdoutLine: {'line': b'-- Found FastRTPS: /opt/ros/humble/include  \n'}
[1.832720] (ur5_motion_planning) StdoutLine: {'line': b"-- Using RMW implementation 'rmw_fastrtps_cpp' as default\n"}
[1.839170] (-) TimerEvent: {}
[1.857025] (ur5_motion_planning) StdoutLine: {'line': b'-- Looking for pthread.h\n'}
[1.938353] (ur5_motion_planning) StdoutLine: {'line': b'-- Looking for pthread.h - found\n'}
[1.939247] (-) TimerEvent: {}
[1.939858] (ur5_motion_planning) StdoutLine: {'line': b'-- Performing Test CMAKE_HAVE_LIBC_PTHREAD\n'}
[2.031593] (ur5_motion_planning) StdoutLine: {'line': b'-- Performing Test CMAKE_HAVE_LIBC_PTHREAD - Success\n'}
[2.034204] (ur5_motion_planning) StdoutLine: {'line': b'-- Found Threads: TRUE  \n'}
[2.041211] (-) TimerEvent: {}
[2.101145] (ur5_motion_planning) StdoutLine: {'line': b'-- Found geometry_msgs: 4.9.0 (/opt/ros/humble/share/geometry_msgs/cmake)\n'}
[2.113903] (ur5_motion_planning) StdoutLine: {'line': b'-- Found trajectory_msgs: 4.9.0 (/opt/ros/humble/share/trajectory_msgs/cmake)\n'}
[2.132831] (ur5_motion_planning) StdoutLine: {'line': b'-- Found tf2_geometry_msgs: 0.25.18 (/opt/ros/humble/share/tf2_geometry_msgs/cmake)\n'}
[2.142144] (-) TimerEvent: {}
[2.161222] (ur5_motion_planning) StdoutLine: {'line': b'-- Found eigen3_cmake_module: 0.1.1 (/opt/ros/humble/share/eigen3_cmake_module/cmake)\n'}
[2.162581] (ur5_motion_planning) StdoutLine: {'line': b'-- Found Eigen3: TRUE (found version "3.4.0") \n'}
[2.162843] (ur5_motion_planning) StdoutLine: {'line': b'-- Ensuring Eigen3 include directory is part of orocos-kdl CMake target\n'}
[2.243168] (-) TimerEvent: {}
[2.294049] (ur5_motion_planning) StdoutLine: {'line': b'-- Found moveit_core: 2.5.9 (/opt/ros/humble/share/moveit_core/cmake)\n'}
[2.344161] (-) TimerEvent: {}
[2.370832] (ur5_motion_planning) StdoutLine: {'line': b'-- Found Boost: /usr/lib/aarch64-linux-gnu/cmake/Boost-1.74.0/BoostConfig.cmake (found version "1.74.0") found components: chrono date_time filesystem iostreams program_options regex serialization system thread \n'}
[2.445219] (-) TimerEvent: {}
[2.470463] (ur5_motion_planning) StdoutLine: {'line': b'-- Found parameter_traits: 0.6.0 (/opt/ros/humble/share/parameter_traits/cmake)\n'}
[2.513305] (ur5_motion_planning) StdoutLine: {'line': b'-- Found rclcpp_lifecycle: 16.0.17 (/opt/ros/humble/share/rclcpp_lifecycle/cmake)\n'}
[2.545757] (ur5_motion_planning) StdoutLine: {'line': b'-- Found Boost: /usr/lib/aarch64-linux-gnu/cmake/Boost-1.74.0/BoostConfig.cmake (found version "1.74.0") found components: filesystem \n'}
[2.546232] (-) TimerEvent: {}
[2.615203] (ur5_motion_planning) StdoutLine: {'line': b'-- library: /usr/lib/aarch64-linux-gnu/libcurl.so\n'}
[2.648171] (-) TimerEvent: {}
[2.751430] (-) TimerEvent: {}
[2.839169] (ur5_motion_planning) StdoutLine: {'line': b'-- Found moveit_ros_planning_interface: 2.5.9 (/opt/ros/humble/share/moveit_ros_planning_interface/cmake)\n'}
[2.845384] (ur5_motion_planning) StdoutLine: {'line': b'-- Found Boost: /usr/lib/aarch64-linux-gnu/cmake/Boost-1.74.0/BoostConfig.cmake (found version "1.74.0") found components: date_time filesystem program_options system thread \n'}
[2.852152] (-) TimerEvent: {}
[2.859166] (ur5_motion_planning) StdoutLine: {'line': b'-- Found Boost: /usr/lib/aarch64-linux-gnu/cmake/Boost-1.74.0/BoostConfig.cmake (found version "1.74.0") found components: system filesystem date_time program_options thread chrono \n'}
[2.894492] (ur5_motion_planning) StdoutLine: {'line': b'-- Found Boost: /usr/lib/aarch64-linux-gnu/cmake/Boost-1.74.0/BoostConfig.cmake (found version "1.74.0") found components: thread system filesystem regex date_time program_options \n'}
[2.921602] (ur5_motion_planning) StdoutLine: {'line': b'-- Found Boost: /usr/lib/aarch64-linux-gnu/cmake/Boost-1.74.0/BoostConfig.cmake (found version "1.74.0") found components: system filesystem date_time program_options thread \n'}
[2.953194] (-) TimerEvent: {}
[3.021185] (ur5_motion_planning) StdoutLine: {'line': b'-- Configuring done\n'}
[3.054208] (-) TimerEvent: {}
[3.071143] (ur5_motion_planning) StdoutLine: {'line': b'-- Generating done\n'}
[3.093286] (ur5_motion_planning) StdoutLine: {'line': b'-- Build files have been written to: /workspace/ur5_ws/build/ur5_motion_planning\n'}
[3.101447] (ur5_motion_planning) CommandEnded: {'returncode': 0}
[3.102180] (ur5_motion_planning) JobProgress: {'identifier': 'ur5_motion_planning', 'progress': 'build'}
[3.103736] (ur5_motion_planning) Command: {'cmd': ['/usr/bin/cmake', '--build', '/workspace/ur5_ws/build/ur5_motion_planning', '--', '-j11', '-l11'], 'cwd': '/workspace/ur5_ws/build/ur5_motion_planning', 'env': OrderedDict([('HOSTNAME', '10a6f84be8b2'), ('SHLVL', '1'), ('LD_LIBRARY_PATH', '/opt/ros/humble/opt/rviz_ogre_vendor/lib:/opt/ros/humble/lib/aarch64-linux-gnu:/opt/ros/humble/lib'), ('HOME', '/root'), ('OLDPWD', '/'), ('ROS_PYTHON_VERSION', '3'), ('ROS_DISTRO', 'humble'), ('_', '/usr/bin/colcon'), ('ROS_VERSION', '2'), ('ROS_LOCALHOST_ONLY', '0'), ('PATH', '/opt/ros/humble/bin:/usr/local/sbin:/usr/local/bin:/usr/sbin:/usr/bin:/sbin:/bin'), ('LANG', 'C.UTF-8'), ('AMENT_PREFIX_PATH', '/workspace/ur5_ws/install/ur5_minimal_moveit:/workspace/ur5_ws/install/ur_moveit_config:/workspace/ur5_ws/install/ur_description:/opt/ros/humble'), ('PWD', '/workspace/ur5_ws/build/ur5_motion_planning'), ('LC_ALL', 'C.UTF-8'), ('PYTHONPATH', '/workspace/ur5_ws/install/ur5_minimal_moveit/lib/python3.10/site-packages:/opt/ros/humble/lib/python3.10/site-packages:/opt/ros/humble/local/lib/python3.10/dist-packages'), ('COLCON', '1'), ('CMAKE_PREFIX_PATH', '/workspace/ur5_ws/install/ur_moveit_config:/workspace/ur5_ws/install/ur_description:/opt/ros/humble')]), 'shell': False}
[3.146944] (ur5_motion_planning) StdoutLine: {'line': b'[ 50%] Building CXX object CMakeFiles/ur5_plan_and_analyze_node.dir/src/ur5_plan_and_analyze_node.cpp.o\n'}
[3.157157] (-) TimerEvent: {}
[3.262156] (-) TimerEvent: {}
[3.363182] (-) TimerEvent: {}
[3.464161] (-) TimerEvent: {}
[3.565172] (-) TimerEvent: {}
[3.612508] (ur5_motion_planning) StderrLine: {'line': b'/workspace/ur5_ws/src/ur5_motion_planning/src/ur5_plan_and_analyze_node.cpp:437:23: warning: missing terminating " character\n'}
[3.612891] (ur5_motion_planning) StderrLine: {'line': b'  437 |   RCLCPP_INFO(logger, "--- Analysis comple\n'}
[3.613091] (ur5_motion_planning) StderrLine: {'line': b'      |                       ^\n'}
[3.613267] (ur5_motion_planning) StderrLine: {'line': b'/workspace/ur5_ws/src/ur5_motion_planning/src/ur5_plan_and_analyze_node.cpp:437:43: error: unterminated argument list invoking macro "RCLCPP_INFO"\n'}
[3.613816] (ur5_motion_planning) StderrLine: {'line': b'  437 |   RCLCPP_INFO(logger, "--- Analysis comple\n'}
[3.613994] (ur5_motion_planning) StderrLine: {'line': b'      |                                           ^\n'}
[3.666187] (-) TimerEvent: {}
[3.767173] (-) TimerEvent: {}
[3.870215] (-) TimerEvent: {}
[3.971186] (-) TimerEvent: {}
[4.079211] (-) TimerEvent: {}
[4.180159] (-) TimerEvent: {}
[4.281168] (-) TimerEvent: {}
[4.382168] (-) TimerEvent: {}
[4.483178] (-) TimerEvent: {}
[4.584162] (-) TimerEvent: {}
[4.685173] (-) TimerEvent: {}
[4.786160] (-) TimerEvent: {}
[4.887159] (-) TimerEvent: {}
[4.988196] (-) TimerEvent: {}
[5.089196] (-) TimerEvent: {}
[5.190179] (-) TimerEvent: {}
[5.291165] (-) TimerEvent: {}
[5.392181] (-) TimerEvent: {}
[5.496157] (-) TimerEvent: {}
[5.597174] (-) TimerEvent: {}
[5.698169] (-) TimerEvent: {}
[5.799217] (-) TimerEvent: {}
[5.900164] (-) TimerEvent: {}
[6.001172] (-) TimerEvent: {}
[6.102169] (-) TimerEvent: {}
[6.203162] (-) TimerEvent: {}
[6.304158] (-) TimerEvent: {}
[6.405170] (-) TimerEvent: {}
[6.506218] (-) TimerEvent: {}
[6.528150] (ur5_motion_planning) StderrLine: {'line': b'/workspace/ur5_ws/src/ur5_motion_planning/src/ur5_plan_and_analyze_node.cpp: In function \xe2\x80\x98int main(int, char**)\xe2\x80\x99:\n'}
[6.532334] (ur5_motion_planning) StderrLine: {'line': b'/workspace/ur5_ws/src/ur5_motion_planning/src/ur5_plan_and_analyze_node.cpp:437:3: error: \xe2\x80\x98RCLCPP_INFO\xe2\x80\x99 was not declared in this scope\n'}
[6.532562] (ur5_motion_planning) StderrLine: {'line': b'  437 |   RCLCPP_INFO(logger, "--- Analysis comple\n'}
[6.532745] (ur5_motion_planning) StderrLine: {'line': b'      |   ^~~~~~~~~~~\n'}
[6.532923] (ur5_motion_planning) StderrLine: {'line': b'/workspace/ur5_ws/src/ur5_motion_planning/src/ur5_plan_and_analyze_node.cpp:437:14: error: expected \xe2\x80\x98}\xe2\x80\x99 at end of input\n'}
[6.533107] (ur5_motion_planning) StderrLine: {'line': b'  437 |   RCLCPP_INFO(logger, "--- Analysis comple\n'}
[6.533280] (ur5_motion_planning) StderrLine: {'line': b'      |              ^\n'}
[6.533487] (ur5_motion_planning) StderrLine: {'line': b'/workspace/ur5_ws/src/ur5_motion_planning/src/ur5_plan_and_analyze_node.cpp:73:33: note: to match this \xe2\x80\x98{\xe2\x80\x99\n'}
[6.533822] (ur5_motion_planning) StderrLine: {'line': b'   73 | int main(int argc, char** argv) {\n'}
[6.534904] (ur5_motion_planning) StderrLine: {'line': b'      |                                 ^\n'}
[6.607167] (-) TimerEvent: {}
[6.708197] (-) TimerEvent: {}
[6.809185] (-) TimerEvent: {}
[6.910179] (-) TimerEvent: {}
[7.011163] (-) TimerEvent: {}
[7.112167] (-) TimerEvent: {}
[7.213173] (-) TimerEvent: {}
[7.314162] (-) TimerEvent: {}
[7.415151] (-) TimerEvent: {}
[7.516152] (-) TimerEvent: {}
[7.617154] (-) TimerEvent: {}
[7.718170] (-) TimerEvent: {}
[7.819179] (-) TimerEvent: {}
[7.920169] (-) TimerEvent: {}
[8.021204] (-) TimerEvent: {}
[8.122190] (-) TimerEvent: {}
[8.223164] (-) TimerEvent: {}
[8.326191] (-) TimerEvent: {}
[8.429165] (-) TimerEvent: {}
[8.530178] (-) TimerEvent: {}
[8.631180] (-) TimerEvent: {}
[8.732161] (-) TimerEvent: {}
[8.833184] (-) TimerEvent: {}
[8.934163] (-) TimerEvent: {}
[9.035172] (-) TimerEvent: {}
[9.136161] (-) TimerEvent: {}
[9.174361] (ur5_motion_planning) StderrLine: {'line': b'gmake[2]: *** [CMakeFiles/ur5_plan_and_analyze_node.dir/build.make:76: CMakeFiles/ur5_plan_and_analyze_node.dir/src/ur5_plan_and_analyze_node.cpp.o] Error 1\n'}
[9.175080] (ur5_motion_planning) StderrLine: {'line': b'gmake[1]: *** [CMakeFiles/Makefile2:137: CMakeFiles/ur5_plan_and_analyze_node.dir/all] Error 2\n'}
[9.175490] (ur5_motion_planning) StderrLine: {'line': b'gmake: *** [Makefile:146: all] Error 2\n'}
[9.179003] (ur5_motion_planning) CommandEnded: {'returncode': 2}
[9.192557] (ur5_motion_planning) JobEnded: {'identifier': 'ur5_motion_planning', 'rc': 2}
[9.203815] (-) EventReactorShutdown: {}
