[0.000000] (-) TimerEvent: {}
[0.000334] (-) JobUnselected: {'identifier': 'ur'}
[0.000465] (-) JobUnselected: {'identifier': 'ur5_kdl_ik'}
[0.002340] (-) JobUnselected: {'identifier': 'ur5_minimal_moveit'}
[0.002486] (-) JobUnselected: {'identifier': 'ur_calibration'}
[0.002764] (-) JobUnselected: {'identifier': 'ur_controllers'}
[0.002825] (-) JobUnselected: {'identifier': 'ur_dashboard_msgs'}
[0.002875] (-) JobUnselected: {'identifier': 'ur_description'}
[0.002920] (-) JobUnselected: {'identifier': 'ur_moveit_config'}
[0.003085] (-) JobUnselected: {'identifier': 'ur_robot_driver'}
[0.003206] (ur5_motion_planning) JobQueued: {'identifier': 'ur5_motion_planning', 'dependencies': OrderedDict()}
[0.003303] (ur5_motion_planning) JobStarted: {'identifier': 'ur5_motion_planning'}
[0.007415] (ur5_motion_planning) JobProgress: {'identifier': 'ur5_motion_planning', 'progress': 'cmake'}
[0.011302] (ur5_motion_planning) Command: {'cmd': ['/usr/bin/cmake', '/workspace/ur5_ws/src/ur5_motion_planning', '-DAMENT_CMAKE_SYMLINK_INSTALL=1', '-DCMAKE_INSTALL_PREFIX=/workspace/ur5_ws/install/ur5_motion_planning'], 'cwd': '/workspace/ur5_ws/build/ur5_motion_planning', 'env': OrderedDict([('HOSTNAME', '10a6f84be8b2'), ('SHLVL', '1'), ('LD_LIBRARY_PATH', '/opt/ros/humble/lib/aarch64-linux-gnu:/opt/ros/humble/lib'), ('HOME', '/root'), ('OLDPWD', '/'), ('ROS_PYTHON_VERSION', '3'), ('ROS_DISTRO', 'humble'), ('_', '/usr/bin/colcon'), ('ROS_VERSION', '2'), ('ROS_LOCALHOST_ONLY', '0'), ('PATH', '/opt/ros/humble/bin:/usr/local/sbin:/usr/local/bin:/usr/sbin:/usr/bin:/sbin:/bin'), ('LANG', 'C.UTF-8'), ('AMENT_PREFIX_PATH', '/opt/ros/humble'), ('PWD', '/workspace/ur5_ws/build/ur5_motion_planning'), ('LC_ALL', 'C.UTF-8'), ('PYTHONPATH', '/opt/ros/humble/lib/python3.10/site-packages:/opt/ros/humble/local/lib/python3.10/dist-packages'), ('COLCON', '1'), ('CMAKE_PREFIX_PATH', '/opt/ros/humble')]), 'shell': False}
[0.080538] (ur5_motion_planning) StdoutLine: {'line': b'-- The C compiler identification is GNU 11.4.0\n'}
[0.098808] (-) TimerEvent: {}
[0.145514] (ur5_motion_planning) StdoutLine: {'line': b'-- The CXX compiler identification is GNU 11.4.0\n'}
[0.153744] (ur5_motion_planning) StdoutLine: {'line': b'-- Detecting C compiler ABI info\n'}
[0.199592] (-) TimerEvent: {}
[0.242491] (ur5_motion_planning) StdoutLine: {'line': b'-- Detecting C compiler ABI info - done\n'}
[0.252357] (ur5_motion_planning) StdoutLine: {'line': b'-- Check for working C compiler: /usr/bin/cc - skipped\n'}
[0.254840] (ur5_motion_planning) StdoutLine: {'line': b'-- Detecting C compile features\n'}
[0.255511] (ur5_motion_planning) StdoutLine: {'line': b'-- Detecting C compile features - done\n'}
[0.260225] (ur5_motion_planning) StdoutLine: {'line': b'-- Detecting CXX compiler ABI info\n'}
[0.300862] (-) TimerEvent: {}
[0.369608] (ur5_motion_planning) StdoutLine: {'line': b'-- Detecting CXX compiler ABI info - done\n'}
[0.378951] (ur5_motion_planning) StdoutLine: {'line': b'-- Check for working CXX compiler: /usr/bin/c++ - skipped\n'}
[0.379875] (ur5_motion_planning) StdoutLine: {'line': b'-- Detecting CXX compile features\n'}
[0.380191] (ur5_motion_planning) StdoutLine: {'line': b'-- Detecting CXX compile features - done\n'}
[0.386766] (ur5_motion_planning) StdoutLine: {'line': b'-- Found ament_cmake: 1.3.12 (/opt/ros/humble/share/ament_cmake/cmake)\n'}
[0.402442] (-) TimerEvent: {}
[0.492267] (ur5_motion_planning) StdoutLine: {'line': b'-- Found Python3: /usr/bin/python3 (found version "3.10.12") found components: Interpreter \n'}
[0.504368] (-) TimerEvent: {}
[0.561233] (ur5_motion_planning) StdoutLine: {'line': b'-- Override CMake install command with custom implementation using symlinks instead of copying resources\n'}
[0.593030] (ur5_motion_planning) StdoutLine: {'line': b'-- Found rclcpp: 16.0.17 (/opt/ros/humble/share/rclcpp/cmake)\n'}
[0.604570] (-) TimerEvent: {}
[0.624356] (ur5_motion_planning) StdoutLine: {'line': b'-- Found rosidl_generator_c: 3.1.8 (/opt/ros/humble/share/rosidl_generator_c/cmake)\n'}
[0.655022] (ur5_motion_planning) StdoutLine: {'line': b'-- Found rosidl_adapter: 3.1.8 (/opt/ros/humble/share/rosidl_adapter/cmake)\n'}
[0.675647] (ur5_motion_planning) StdoutLine: {'line': b'-- Found rosidl_generator_cpp: 3.1.8 (/opt/ros/humble/share/rosidl_generator_cpp/cmake)\n'}
[0.706249] (-) TimerEvent: {}
[0.707637] (ur5_motion_planning) StdoutLine: {'line': b'-- Using all available rosidl_typesupport_c: rosidl_typesupport_fastrtps_c;rosidl_typesupport_introspection_c\n'}
[0.723866] (ur5_motion_planning) StdoutLine: {'line': b'-- Using all available rosidl_typesupport_cpp: rosidl_typesupport_fastrtps_cpp;rosidl_typesupport_introspection_cpp\n'}
[0.771801] (ur5_motion_planning) StdoutLine: {'line': b'-- Found rmw_implementation_cmake: 6.1.2 (/opt/ros/humble/share/rmw_implementation_cmake/cmake)\n'}
[0.774139] (ur5_motion_planning) StdoutLine: {'line': b'-- Found rmw_fastrtps_cpp: 6.2.9 (/opt/ros/humble/share/rmw_fastrtps_cpp/cmake)\n'}
[0.806610] (-) TimerEvent: {}
[0.837878] (ur5_motion_planning) StdoutLine: {'line': b'-- Found OpenSSL: /usr/lib/aarch64-linux-gnu/libcrypto.so (found version "3.0.2")  \n'}
[0.854599] (ur5_motion_planning) StdoutLine: {'line': b'-- Found FastRTPS: /opt/ros/humble/include  \n'}
[0.879149] (ur5_motion_planning) StdoutLine: {'line': b"-- Using RMW implementation 'rmw_fastrtps_cpp' as default\n"}
[0.889023] (ur5_motion_planning) StdoutLine: {'line': b'-- Looking for pthread.h\n'}
[0.907662] (-) TimerEvent: {}
[0.990673] (ur5_motion_planning) StdoutLine: {'line': b'-- Looking for pthread.h - found\n'}
[0.993165] (ur5_motion_planning) StdoutLine: {'line': b'-- Performing Test CMAKE_HAVE_LIBC_PTHREAD\n'}
[1.008600] (-) TimerEvent: {}
[1.089031] (ur5_motion_planning) StdoutLine: {'line': b'-- Performing Test CMAKE_HAVE_LIBC_PTHREAD - Success\n'}
[1.092847] (ur5_motion_planning) StdoutLine: {'line': b'-- Found Threads: TRUE  \n'}
[1.109672] (-) TimerEvent: {}
[1.134068] (ur5_motion_planning) StdoutLine: {'line': b'-- Found geometry_msgs: 4.9.0 (/opt/ros/humble/share/geometry_msgs/cmake)\n'}
[1.144452] (ur5_motion_planning) StdoutLine: {'line': b'-- Found trajectory_msgs: 4.9.0 (/opt/ros/humble/share/trajectory_msgs/cmake)\n'}
[1.158008] (ur5_motion_planning) StdoutLine: {'line': b'-- Found tf2_geometry_msgs: 0.25.18 (/opt/ros/humble/share/tf2_geometry_msgs/cmake)\n'}
[1.164789] (ur5_motion_planning) StdoutLine: {'line': b'-- Found eigen3_cmake_module: 0.1.1 (/opt/ros/humble/share/eigen3_cmake_module/cmake)\n'}
[1.165925] (ur5_motion_planning) StdoutLine: {'line': b'-- Found Eigen3: TRUE (found version "3.4.0") \n'}
[1.166159] (ur5_motion_planning) StdoutLine: {'line': b'-- Ensuring Eigen3 include directory is part of orocos-kdl CMake target\n'}
[1.210550] (-) TimerEvent: {}
[1.239036] (ur5_motion_planning) StdoutLine: {'line': b'-- Found moveit_ros_planning_interface: 2.5.9 (/opt/ros/humble/share/moveit_ros_planning_interface/cmake)\n'}
[1.256031] (ur5_motion_planning) StdoutLine: {'line': b'-- Found Boost: /usr/lib/aarch64-linux-gnu/cmake/Boost-1.74.0/BoostConfig.cmake (found version "1.74.0") found components: date_time filesystem program_options system thread \n'}
[1.311606] (-) TimerEvent: {}
[1.348937] (ur5_motion_planning) StdoutLine: {'line': b'-- Found Boost: /usr/lib/aarch64-linux-gnu/cmake/Boost-1.74.0/BoostConfig.cmake (found version "1.74.0") found components: chrono date_time filesystem iostreams program_options regex serialization system thread \n'}
[1.371066] (ur5_motion_planning) StdoutLine: {'line': b'-- Found parameter_traits: 0.6.0 (/opt/ros/humble/share/parameter_traits/cmake)\n'}
[1.378840] (ur5_motion_planning) StdoutLine: {'line': b'-- Found rclcpp_lifecycle: 16.0.17 (/opt/ros/humble/share/rclcpp_lifecycle/cmake)\n'}
[1.396676] (ur5_motion_planning) StdoutLine: {'line': b'-- Found Boost: /usr/lib/aarch64-linux-gnu/cmake/Boost-1.74.0/BoostConfig.cmake (found version "1.74.0") found components: filesystem \n'}
[1.412572] (-) TimerEvent: {}
[1.439609] (ur5_motion_planning) StdoutLine: {'line': b'-- library: /usr/lib/aarch64-linux-gnu/libcurl.so\n'}
[1.499452] (ur5_motion_planning) StdoutLine: {'line': b'-- Found Boost: /usr/lib/aarch64-linux-gnu/cmake/Boost-1.74.0/BoostConfig.cmake (found version "1.74.0") found components: system filesystem date_time program_options thread chrono \n'}
[1.513559] (-) TimerEvent: {}
[1.525696] (ur5_motion_planning) StdoutLine: {'line': b'-- Found Boost: /usr/lib/aarch64-linux-gnu/cmake/Boost-1.74.0/BoostConfig.cmake (found version "1.74.0") found components: thread system filesystem regex date_time program_options \n'}
[1.543912] (ur5_motion_planning) StdoutLine: {'line': b'-- Found Boost: /usr/lib/aarch64-linux-gnu/cmake/Boost-1.74.0/BoostConfig.cmake (found version "1.74.0") found components: system filesystem date_time program_options thread \n'}
[1.614544] (-) TimerEvent: {}
[1.644973] (ur5_motion_planning) StdoutLine: {'line': b'-- Configuring done\n'}
[1.697772] (ur5_motion_planning) StdoutLine: {'line': b'-- Generating done\n'}
[1.715583] (-) TimerEvent: {}
[1.719304] (ur5_motion_planning) StdoutLine: {'line': b'-- Build files have been written to: /workspace/ur5_ws/build/ur5_motion_planning\n'}
[1.728745] (ur5_motion_planning) CommandEnded: {'returncode': 0}
[1.729944] (ur5_motion_planning) JobProgress: {'identifier': 'ur5_motion_planning', 'progress': 'build'}
[1.731735] (ur5_motion_planning) Command: {'cmd': ['/usr/bin/cmake', '--build', '/workspace/ur5_ws/build/ur5_motion_planning', '--', '-j11', '-l11'], 'cwd': '/workspace/ur5_ws/build/ur5_motion_planning', 'env': OrderedDict([('HOSTNAME', '10a6f84be8b2'), ('SHLVL', '1'), ('LD_LIBRARY_PATH', '/opt/ros/humble/lib/aarch64-linux-gnu:/opt/ros/humble/lib'), ('HOME', '/root'), ('OLDPWD', '/'), ('ROS_PYTHON_VERSION', '3'), ('ROS_DISTRO', 'humble'), ('_', '/usr/bin/colcon'), ('ROS_VERSION', '2'), ('ROS_LOCALHOST_ONLY', '0'), ('PATH', '/opt/ros/humble/bin:/usr/local/sbin:/usr/local/bin:/usr/sbin:/usr/bin:/sbin:/bin'), ('LANG', 'C.UTF-8'), ('AMENT_PREFIX_PATH', '/opt/ros/humble'), ('PWD', '/workspace/ur5_ws/build/ur5_motion_planning'), ('LC_ALL', 'C.UTF-8'), ('PYTHONPATH', '/opt/ros/humble/lib/python3.10/site-packages:/opt/ros/humble/local/lib/python3.10/dist-packages'), ('COLCON', '1'), ('CMAKE_PREFIX_PATH', '/opt/ros/humble')]), 'shell': False}
[1.780543] (ur5_motion_planning) StdoutLine: {'line': b'[ 50%] Building CXX object CMakeFiles/ur5_plan_and_analyze_node.dir/src/ur5_plan_and_analyze_node.cpp.o\n'}
[1.816589] (-) TimerEvent: {}
[1.917626] (-) TimerEvent: {}
[2.021065] (-) TimerEvent: {}
[2.124626] (-) TimerEvent: {}
[2.227566] (-) TimerEvent: {}
[2.328569] (-) TimerEvent: {}
[2.429559] (-) TimerEvent: {}
[2.530560] (-) TimerEvent: {}
[2.631576] (-) TimerEvent: {}
[2.732590] (-) TimerEvent: {}
[2.833591] (-) TimerEvent: {}
[2.937600] (-) TimerEvent: {}
[3.038568] (-) TimerEvent: {}
[3.141589] (-) TimerEvent: {}
[3.242586] (-) TimerEvent: {}
[3.343610] (-) TimerEvent: {}
[3.444600] (-) TimerEvent: {}
[3.545581] (-) TimerEvent: {}
[3.646608] (-) TimerEvent: {}
[3.747645] (-) TimerEvent: {}
[3.848575] (-) TimerEvent: {}
[3.952551] (-) TimerEvent: {}
[4.053590] (-) TimerEvent: {}
[4.154731] (-) TimerEvent: {}
[4.255574] (-) TimerEvent: {}
[4.356560] (-) TimerEvent: {}
[4.457620] (-) TimerEvent: {}
[4.558593] (-) TimerEvent: {}
[4.659606] (-) TimerEvent: {}
[4.761789] (-) TimerEvent: {}
[4.862584] (-) TimerEvent: {}
[4.963597] (-) TimerEvent: {}
[5.066568] (-) TimerEvent: {}
[5.167573] (-) TimerEvent: {}
[5.228275] (ur5_motion_planning) StderrLine: {'line': b'In file included from /opt/ros/humble/include/rclcpp/rclcpp/logging.hpp:24,\n'}
[5.232046] (ur5_motion_planning) StderrLine: {'line': b'                 from /opt/ros/humble/include/rclcpp/rclcpp/client.hpp:40,\n'}
[5.232277] (ur5_motion_planning) StderrLine: {'line': b'                 from /opt/ros/humble/include/rclcpp/rclcpp/callback_group.hpp:24,\n'}
[5.232566] (ur5_motion_planning) StderrLine: {'line': b'                 from /opt/ros/humble/include/rclcpp/rclcpp/any_executable.hpp:20,\n'}
[5.232767] (ur5_motion_planning) StderrLine: {'line': b'                 from /opt/ros/humble/include/rclcpp/rclcpp/memory_strategy.hpp:25,\n'}
[5.232965] (ur5_motion_planning) StderrLine: {'line': b'                 from /opt/ros/humble/include/rclcpp/rclcpp/memory_strategies.hpp:18,\n'}
[5.233221] (ur5_motion_planning) StderrLine: {'line': b'                 from /opt/ros/humble/include/rclcpp/rclcpp/executor_options.hpp:20,\n'}
[5.233416] (ur5_motion_planning) StderrLine: {'line': b'                 from /opt/ros/humble/include/rclcpp/rclcpp/executor.hpp:37,\n'}
[5.233601] (ur5_motion_planning) StderrLine: {'line': b'                 from /opt/ros/humble/include/rclcpp/rclcpp/executors/multi_threaded_executor.hpp:25,\n'}
[5.233795] (ur5_motion_planning) StderrLine: {'line': b'                 from /opt/ros/humble/include/rclcpp/rclcpp/executors.hpp:21,\n'}
[5.233990] (ur5_motion_planning) StderrLine: {'line': b'                 from /opt/ros/humble/include/rclcpp/rclcpp/rclcpp.hpp:155,\n'}
[5.236549] (ur5_motion_planning) StderrLine: {'line': b'                 from /workspace/ur5_ws/src/ur5_motion_planning/src/ur5_plan_and_analyze_node.cpp:12:\n'}
[5.236880] (ur5_motion_planning) StderrLine: {'line': b'/workspace/ur5_ws/src/ur5_motion_planning/src/ur5_plan_and_analyze_node.cpp: In function \xe2\x80\x98int main(int, char**)\xe2\x80\x99:\n'}
[5.237084] (ur5_motion_planning) StderrLine: {'line': b'/workspace/ur5_ws/src/ur5_motion_planning/src/ur5_plan_and_analyze_node.cpp:60:56: error: invalid \xe2\x80\x98static_cast\xe2\x80\x99 from type \xe2\x80\x98moveit::core::MoveItErrorCode\xe2\x80\x99 to type \xe2\x80\x98int\xe2\x80\x99\n'}
[5.237284] (ur5_motion_planning) StderrLine: {'line': b'   60 |     RCLCPP_ERROR(logger, "Planning FAILED (code %d).", static_cast<int>(result));\n'}
[5.237463] (ur5_motion_planning) StderrLine: {'line': b'      |                                                        ^~~~~~~~~~~~~~~~~~~~~~~~\n'}
[5.268576] (-) TimerEvent: {}
[5.369566] (-) TimerEvent: {}
[5.470593] (-) TimerEvent: {}
[5.571887] (-) TimerEvent: {}
[5.672582] (-) TimerEvent: {}
[5.776511] (-) TimerEvent: {}
[5.878862] (-) TimerEvent: {}
[5.983131] (-) TimerEvent: {}
[6.083833] (-) TimerEvent: {}
[6.186360] (-) TimerEvent: {}
[6.287625] (-) TimerEvent: {}
[6.388582] (-) TimerEvent: {}
[6.489613] (-) TimerEvent: {}
[6.590169] (-) TimerEvent: {}
[6.693105] (-) TimerEvent: {}
[6.796362] (-) TimerEvent: {}
[6.897686] (-) TimerEvent: {}
[7.002171] (-) TimerEvent: {}
[7.104326] (-) TimerEvent: {}
[7.148660] (ur5_motion_planning) StderrLine: {'line': b'gmake[2]: *** [CMakeFiles/ur5_plan_and_analyze_node.dir/build.make:76: CMakeFiles/ur5_plan_and_analyze_node.dir/src/ur5_plan_and_analyze_node.cpp.o] Error 1\n'}
[7.149258] (ur5_motion_planning) StderrLine: {'line': b'gmake[1]: *** [CMakeFiles/Makefile2:137: CMakeFiles/ur5_plan_and_analyze_node.dir/all] Error 2\n'}
[7.149584] (ur5_motion_planning) StderrLine: {'line': b'gmake: *** [Makefile:146: all] Error 2\n'}
[7.152243] (ur5_motion_planning) CommandEnded: {'returncode': 2}
[7.167568] (ur5_motion_planning) JobEnded: {'identifier': 'ur5_motion_planning', 'rc': 2}
[7.180102] (-) EventReactorShutdown: {}
