[0.000000] (-) TimerEvent: {}
[0.001449] (-) JobUnselected: {'identifier': 'ur'}
[0.001644] (-) JobUnselected: {'identifier': 'ur5_kdl_ik'}
[0.001862] (-) JobUnselected: {'identifier': 'ur5_minimal_moveit'}
[0.002012] (-) JobUnselected: {'identifier': 'ur_calibration'}
[0.002072] (-) JobUnselected: {'identifier': 'ur_controllers'}
[0.002316] (-) JobUnselected: {'identifier': 'ur_dashboard_msgs'}
[0.002588] (-) JobUnselected: {'identifier': 'ur_description'}
[0.002752] (-) JobUnselected: {'identifier': 'ur_moveit_config'}
[0.003502] (-) JobUnselected: {'identifier': 'ur_robot_driver'}
[0.003603] (ur5_motion_planning) JobQueued: {'identifier': 'ur5_motion_planning', 'dependencies': OrderedDict([('ur_description', '/workspace/ur5_ws/install/ur_description'), ('ur_moveit_config', '/workspace/ur5_ws/install/ur_moveit_config')])}
[0.003979] (ur5_motion_planning) JobStarted: {'identifier': 'ur5_motion_planning'}
[0.016647] (ur5_motion_planning) JobProgress: {'identifier': 'ur5_motion_planning', 'progress': 'cmake'}
[0.018153] (ur5_motion_planning) JobProgress: {'identifier': 'ur5_motion_planning', 'progress': 'build'}
[0.019369] (ur5_motion_planning) Command: {'cmd': ['/usr/bin/cmake', '--build', '/workspace/ur5_ws/build/ur5_motion_planning', '--', '-j11', '-l11'], 'cwd': '/workspace/ur5_ws/build/ur5_motion_planning', 'env': OrderedDict([('HOSTNAME', '10a6f84be8b2'), ('SHLVL', '0'), ('LD_LIBRARY_PATH', '/opt/ros/humble/lib/aarch64-linux-gnu:/opt/ros/humble/lib'), ('HOME', '/root'), ('OLDPWD', '/'), ('ROS_PYTHON_VERSION', '3'), ('COLCON_PREFIX_PATH', '/workspace/ur5_ws/install'), ('ROS_DISTRO', 'humble'), ('_', '/usr/bin/colcon'), ('ROS_VERSION', '2'), ('ROS_LOCALHOST_ONLY', '0'), ('PATH', '/opt/ros/humble/bin:/usr/local/sbin:/usr/local/bin:/usr/sbin:/usr/bin:/sbin:/bin'), ('LANG', 'C.UTF-8'), ('AMENT_PREFIX_PATH', '/workspace/ur5_ws/install/ur5_motion_planning:/workspace/ur5_ws/install/ur5_minimal_moveit:/workspace/ur5_ws/install/ur5_kdl_ik:/workspace/ur5_ws/install/ur_moveit_config:/workspace/ur5_ws/install/ur_description:/opt/ros/humble'), ('PWD', '/workspace/ur5_ws/build/ur5_motion_planning'), ('LC_ALL', 'C.UTF-8'), ('PYTHONPATH', '/workspace/ur5_ws/install/ur5_minimal_moveit/lib/python3.10/site-packages:/opt/ros/humble/lib/python3.10/site-packages:/opt/ros/humble/local/lib/python3.10/dist-packages'), ('COLCON', '1'), ('CMAKE_PREFIX_PATH', '/workspace/ur5_ws/install/ur_moveit_config:/workspace/ur5_ws/install/ur_description:/workspace/ur5_ws/install/ur5_motion_planning:/workspace/ur5_ws/install/ur5_kdl_ik:/workspace/ur5_ws/install/ur5_minimal_moveit:/opt/ros/humble')]), 'shell': False}
[0.062204] (ur5_motion_planning) StdoutLine: {'line': b'-- Found ament_cmake: 1.3.12 (/opt/ros/humble/share/ament_cmake/cmake)\n'}
[0.099195] (-) TimerEvent: {}
[0.147781] (ur5_motion_planning) StdoutLine: {'line': b'-- Override CMake install command with custom implementation using symlinks instead of copying resources\n'}
[0.159223] (ur5_motion_planning) StdoutLine: {'line': b'-- Found rclcpp: 16.0.17 (/opt/ros/humble/share/rclcpp/cmake)\n'}
[0.187944] (ur5_motion_planning) StdoutLine: {'line': b'-- Found rosidl_generator_c: 3.1.8 (/opt/ros/humble/share/rosidl_generator_c/cmake)\n'}
[0.189839] (ur5_motion_planning) StdoutLine: {'line': b'-- Found rosidl_adapter: 3.1.8 (/opt/ros/humble/share/rosidl_adapter/cmake)\n'}
[0.194658] (ur5_motion_planning) StdoutLine: {'line': b'-- Found rosidl_generator_cpp: 3.1.8 (/opt/ros/humble/share/rosidl_generator_cpp/cmake)\n'}
[0.200145] (-) TimerEvent: {}
[0.203007] (ur5_motion_planning) StdoutLine: {'line': b'-- Using all available rosidl_typesupport_c: rosidl_typesupport_fastrtps_c;rosidl_typesupport_introspection_c\n'}
[0.211882] (ur5_motion_planning) StdoutLine: {'line': b'-- Using all available rosidl_typesupport_cpp: rosidl_typesupport_fastrtps_cpp;rosidl_typesupport_introspection_cpp\n'}
[0.236120] (ur5_motion_planning) StdoutLine: {'line': b'-- Found rmw_implementation_cmake: 6.1.2 (/opt/ros/humble/share/rmw_implementation_cmake/cmake)\n'}
[0.241138] (ur5_motion_planning) StdoutLine: {'line': b'-- Found rmw_fastrtps_cpp: 6.2.9 (/opt/ros/humble/share/rmw_fastrtps_cpp/cmake)\n'}
[0.301363] (-) TimerEvent: {}
[0.355202] (ur5_motion_planning) StdoutLine: {'line': b"-- Using RMW implementation 'rmw_fastrtps_cpp' as default\n"}
[0.390530] (ur5_motion_planning) StdoutLine: {'line': b'-- Found geometry_msgs: 4.9.0 (/opt/ros/humble/share/geometry_msgs/cmake)\n'}
[0.401488] (ur5_motion_planning) StdoutLine: {'line': b'-- Found trajectory_msgs: 4.9.0 (/opt/ros/humble/share/trajectory_msgs/cmake)\n'}
[0.402349] (-) TimerEvent: {}
[0.416568] (ur5_motion_planning) StdoutLine: {'line': b'-- Found tf2_geometry_msgs: 0.25.18 (/opt/ros/humble/share/tf2_geometry_msgs/cmake)\n'}
[0.421097] (ur5_motion_planning) StdoutLine: {'line': b'-- Found eigen3_cmake_module: 0.1.1 (/opt/ros/humble/share/eigen3_cmake_module/cmake)\n'}
[0.422556] (ur5_motion_planning) StdoutLine: {'line': b'-- Ensuring Eigen3 include directory is part of orocos-kdl CMake target\n'}
[0.492755] (ur5_motion_planning) StdoutLine: {'line': b'-- Found moveit_core: 2.5.9 (/opt/ros/humble/share/moveit_core/cmake)\n'}
[0.503213] (-) TimerEvent: {}
[0.505227] (ur5_motion_planning) StdoutLine: {'line': b'-- Found Boost: /usr/lib/aarch64-linux-gnu/cmake/Boost-1.74.0/BoostConfig.cmake (found version "1.74.0") found components: chrono date_time filesystem iostreams program_options regex serialization system thread \n'}
[0.534261] (ur5_motion_planning) StdoutLine: {'line': b'-- Found parameter_traits: 0.6.0 (/opt/ros/humble/share/parameter_traits/cmake)\n'}
[0.540220] (ur5_motion_planning) StdoutLine: {'line': b'-- Found rclcpp_lifecycle: 16.0.17 (/opt/ros/humble/share/rclcpp_lifecycle/cmake)\n'}
[0.557963] (ur5_motion_planning) StdoutLine: {'line': b'-- Found Boost: /usr/lib/aarch64-linux-gnu/cmake/Boost-1.74.0/BoostConfig.cmake (found version "1.74.0") found components: filesystem \n'}
[0.589967] (ur5_motion_planning) StdoutLine: {'line': b'-- library: /usr/lib/aarch64-linux-gnu/libcurl.so\n'}
[0.604196] (-) TimerEvent: {}
[0.705219] (-) TimerEvent: {}
[0.798157] (ur5_motion_planning) StdoutLine: {'line': b'-- Found moveit_ros_planning_interface: 2.5.9 (/opt/ros/humble/share/moveit_ros_planning_interface/cmake)\n'}
[0.802560] (ur5_motion_planning) StdoutLine: {'line': b'-- Found Boost: /usr/lib/aarch64-linux-gnu/cmake/Boost-1.74.0/BoostConfig.cmake (found version "1.74.0") found components: date_time filesystem program_options system thread \n'}
[0.806131] (-) TimerEvent: {}
[0.811220] (ur5_motion_planning) StdoutLine: {'line': b'-- Found Boost: /usr/lib/aarch64-linux-gnu/cmake/Boost-1.74.0/BoostConfig.cmake (found version "1.74.0") found components: system filesystem date_time program_options thread chrono \n'}
[0.834975] (ur5_motion_planning) StdoutLine: {'line': b'-- Found Boost: /usr/lib/aarch64-linux-gnu/cmake/Boost-1.74.0/BoostConfig.cmake (found version "1.74.0") found components: thread system filesystem regex date_time program_options \n'}
[0.851373] (ur5_motion_planning) StdoutLine: {'line': b'-- Found Boost: /usr/lib/aarch64-linux-gnu/cmake/Boost-1.74.0/BoostConfig.cmake (found version "1.74.0") found components: system filesystem date_time program_options thread \n'}
[0.907230] (-) TimerEvent: {}
[0.952442] (ur5_motion_planning) StdoutLine: {'line': b'-- Configuring done\n'}
[1.007738] (ur5_motion_planning) StdoutLine: {'line': b'-- Generating done\n'}
[1.008350] (-) TimerEvent: {}
[1.035929] (ur5_motion_planning) StdoutLine: {'line': b'-- Build files have been written to: /workspace/ur5_ws/build/ur5_motion_planning\n'}
[1.109221] (-) TimerEvent: {}
[1.210227] (-) TimerEvent: {}
[1.286740] (ur5_motion_planning) StdoutLine: {'line': b'Consolidate compiler generated dependencies of target ur5_plan_and_analyze_node\n'}
[1.311261] (ur5_motion_planning) StdoutLine: {'line': b'[ 50%] Building CXX object CMakeFiles/ur5_plan_and_analyze_node.dir/src/ur5_plan_and_analyze_node.cpp.o\n'}
[1.311761] (-) TimerEvent: {}
[1.412231] (-) TimerEvent: {}
[1.517429] (-) TimerEvent: {}
[1.619645] (-) TimerEvent: {}
[1.722186] (-) TimerEvent: {}
[1.823230] (-) TimerEvent: {}
[1.924234] (-) TimerEvent: {}
[2.025243] (-) TimerEvent: {}
[2.126229] (-) TimerEvent: {}
[2.227923] (-) TimerEvent: {}
[2.333211] (-) TimerEvent: {}
[2.434199] (-) TimerEvent: {}
[2.535184] (-) TimerEvent: {}
[2.636205] (-) TimerEvent: {}
[2.737192] (-) TimerEvent: {}
[2.838185] (-) TimerEvent: {}
[2.939218] (-) TimerEvent: {}
[3.040180] (-) TimerEvent: {}
[3.141199] (-) TimerEvent: {}
[3.242192] (-) TimerEvent: {}
[3.343197] (-) TimerEvent: {}
[3.444177] (-) TimerEvent: {}
[3.545246] (-) TimerEvent: {}
[3.646190] (-) TimerEvent: {}
[3.747171] (-) TimerEvent: {}
[3.848180] (-) TimerEvent: {}
[3.949196] (-) TimerEvent: {}
[4.050215] (-) TimerEvent: {}
[4.151242] (-) TimerEvent: {}
[4.254595] (-) TimerEvent: {}
[4.358174] (-) TimerEvent: {}
[4.459176] (-) TimerEvent: {}
[4.560222] (-) TimerEvent: {}
[4.661210] (-) TimerEvent: {}
[4.762194] (-) TimerEvent: {}
[4.863185] (-) TimerEvent: {}
[4.907409] (ur5_motion_planning) StderrLine: {'line': b'/workspace/ur5_ws/src/ur5_motion_planning/src/ur5_plan_and_analyze_node.cpp: In function \xe2\x80\x98int main(int, char**)\xe2\x80\x99:\n'}
[4.911876] (ur5_motion_planning) StderrLine: {'line': b'/workspace/ur5_ws/src/ur5_motion_planning/src/ur5_plan_and_analyze_node.cpp:488:4: error: expected \xe2\x80\x98}\xe2\x80\x99 at end of input\n'}
[4.912083] (ur5_motion_planning) StderrLine: {'line': b'  488 |   }\n'}
[4.915296] (ur5_motion_planning) StderrLine: {'line': b'      |    ^\n'}
[4.915486] (ur5_motion_planning) StderrLine: {'line': b'/workspace/ur5_ws/src/ur5_motion_planning/src/ur5_plan_and_analyze_node.cpp:82:33: note: to match this \xe2\x80\x98{\xe2\x80\x99\n'}
[4.915761] (ur5_motion_planning) StderrLine: {'line': b'   82 | int main(int argc, char** argv) {\n'}
[4.915960] (ur5_motion_planning) StderrLine: {'line': b'      |                                 ^\n'}
[4.964182] (-) TimerEvent: {}
[5.065175] (-) TimerEvent: {}
[5.166192] (-) TimerEvent: {}
[5.267198] (-) TimerEvent: {}
[5.368183] (-) TimerEvent: {}
[5.469176] (-) TimerEvent: {}
[5.570210] (-) TimerEvent: {}
[5.671199] (-) TimerEvent: {}
[5.772230] (-) TimerEvent: {}
[5.873190] (-) TimerEvent: {}
[5.974241] (-) TimerEvent: {}
[6.075229] (-) TimerEvent: {}
[6.176200] (-) TimerEvent: {}
[6.277179] (-) TimerEvent: {}
[6.382212] (-) TimerEvent: {}
[6.483209] (-) TimerEvent: {}
[6.584173] (-) TimerEvent: {}
[6.685195] (-) TimerEvent: {}
[6.786186] (-) TimerEvent: {}
[6.887194] (-) TimerEvent: {}
[6.988186] (-) TimerEvent: {}
[7.089206] (-) TimerEvent: {}
[7.190218] (-) TimerEvent: {}
[7.291209] (-) TimerEvent: {}
[7.386921] (ur5_motion_planning) StderrLine: {'line': b'gmake[2]: *** [CMakeFiles/ur5_plan_and_analyze_node.dir/build.make:76: CMakeFiles/ur5_plan_and_analyze_node.dir/src/ur5_plan_and_analyze_node.cpp.o] Error 1\n'}
[7.388201] (ur5_motion_planning) StderrLine: {'line': b'gmake[1]: *** [CMakeFiles/Makefile2:137: CMakeFiles/ur5_plan_and_analyze_node.dir/all] Error 2\n'}
[7.388489] (ur5_motion_planning) StderrLine: {'line': b'gmake: *** [Makefile:146: all] Error 2\n'}
[7.391805] (ur5_motion_planning) CommandEnded: {'returncode': 2}
[7.392796] (-) TimerEvent: {}
[7.413177] (ur5_motion_planning) JobEnded: {'identifier': 'ur5_motion_planning', 'rc': 2}
[7.424868] (-) EventReactorShutdown: {}
