[0.000000] (-) TimerEvent: {}
[0.000312] (-) JobUnselected: {'identifier': 'ur'}
[0.000419] (-) JobUnselected: {'identifier': 'ur5_kdl_ik'}
[0.000467] (-) JobUnselected: {'identifier': 'ur5_minimal_moveit'}
[0.002687] (-) JobUnselected: {'identifier': 'ur_calibration'}
[0.002782] (-) JobUnselected: {'identifier': 'ur_controllers'}
[0.002839] (-) JobUnselected: {'identifier': 'ur_dashboard_msgs'}
[0.002884] (-) JobUnselected: {'identifier': 'ur_description'}
[0.002949] (-) JobUnselected: {'identifier': 'ur_moveit_config'}
[0.003006] (-) JobUnselected: {'identifier': 'ur_robot_driver'}
[0.003183] (ur5_motion_planning) JobQueued: {'identifier': 'ur5_motion_planning', 'dependencies': OrderedDict([('ur_description', '/workspace/ur5_ws/install/ur_description'), ('ur_moveit_config', '/workspace/ur5_ws/install/ur_moveit_config'), ('ur5_minimal_moveit', '/workspace/ur5_ws/install/ur5_minimal_moveit')])}
[0.003255] (ur5_motion_planning) JobStarted: {'identifier': 'ur5_motion_planning'}
[0.013279] (ur5_motion_planning) JobProgress: {'identifier': 'ur5_motion_planning', 'progress': 'cmake'}
[0.015062] (ur5_motion_planning) Command: {'cmd': ['/usr/bin/cmake', '/workspace/ur5_ws/src/ur5_motion_planning', '-DCMAKE_INSTALL_PREFIX=/workspace/ur5_ws/install/ur5_motion_planning'], 'cwd': '/workspace/ur5_ws/build/ur5_motion_planning', 'env': OrderedDict([('HOSTNAME', '10a6f84be8b2'), ('SHLVL', '0'), ('LD_LIBRARY_PATH', '/opt/ros/humble/opt/rviz_ogre_vendor/lib:/opt/ros/humble/lib/aarch64-linux-gnu:/opt/ros/humble/lib'), ('HOME', '/root'), ('OLDPWD', '/'), ('ROS_PYTHON_VERSION', '3'), ('ROS_DISTRO', 'humble'), ('_', '/usr/bin/colcon'), ('ROS_VERSION', '2'), ('ROS_LOCALHOST_ONLY', '0'), ('PATH', '/opt/ros/humble/bin:/usr/local/sbin:/usr/local/bin:/usr/sbin:/usr/bin:/sbin:/bin'), ('LANG', 'C.UTF-8'), ('AMENT_PREFIX_PATH', '/workspace/ur5_ws/install/ur5_minimal_moveit:/workspace/ur5_ws/install/ur_moveit_config:/workspace/ur5_ws/install/ur_description:/opt/ros/humble'), ('PWD', '/workspace/ur5_ws/build/ur5_motion_planning'), ('LC_ALL', 'C.UTF-8'), ('PYTHONPATH', '/workspace/ur5_ws/build/ur5_minimal_moveit:/workspace/ur5_ws/install/ur5_minimal_moveit/lib/python3.10/site-packages:/opt/ros/humble/lib/python3.10/site-packages:/opt/ros/humble/local/lib/python3.10/dist-packages'), ('COLCON', '1'), ('CMAKE_PREFIX_PATH', '/workspace/ur5_ws/install/ur_moveit_config:/workspace/ur5_ws/install/ur_description:/opt/ros/humble')]), 'shell': False}
[0.096381] (ur5_motion_planning) StdoutLine: {'line': b'-- The C compiler identification is GNU 11.4.0\n'}
[0.098338] (-) TimerEvent: {}
[0.164846] (ur5_motion_planning) StdoutLine: {'line': b'-- The CXX compiler identification is GNU 11.4.0\n'}
[0.172400] (ur5_motion_planning) StdoutLine: {'line': b'-- Detecting C compiler ABI info\n'}
[0.198877] (-) TimerEvent: {}
[0.253663] (ur5_motion_planning) StdoutLine: {'line': b'-- Detecting C compiler ABI info - done\n'}
[0.260783] (ur5_motion_planning) StdoutLine: {'line': b'-- Check for working C compiler: /usr/bin/cc - skipped\n'}
[0.261367] (ur5_motion_planning) StdoutLine: {'line': b'-- Detecting C compile features\n'}
[0.261711] (ur5_motion_planning) StdoutLine: {'line': b'-- Detecting C compile features - done\n'}
[0.265939] (ur5_motion_planning) StdoutLine: {'line': b'-- Detecting CXX compiler ABI info\n'}
[0.299917] (-) TimerEvent: {}
[0.348260] (ur5_motion_planning) StdoutLine: {'line': b'-- Detecting CXX compiler ABI info - done\n'}
[0.356496] (ur5_motion_planning) StdoutLine: {'line': b'-- Check for working CXX compiler: /usr/bin/c++ - skipped\n'}
[0.357158] (ur5_motion_planning) StdoutLine: {'line': b'-- Detecting CXX compile features\n'}
[0.357491] (ur5_motion_planning) StdoutLine: {'line': b'-- Detecting CXX compile features - done\n'}
[0.369252] (ur5_motion_planning) StdoutLine: {'line': b'-- Found ament_cmake: 1.3.12 (/opt/ros/humble/share/ament_cmake/cmake)\n'}
[0.400846] (-) TimerEvent: {}
[0.479818] (ur5_motion_planning) StdoutLine: {'line': b'-- Found Python3: /usr/bin/python3 (found version "3.10.12") found components: Interpreter \n'}
[0.501829] (-) TimerEvent: {}
[0.602893] (-) TimerEvent: {}
[0.618857] (ur5_motion_planning) StdoutLine: {'line': b'-- Found rclcpp: 16.0.17 (/opt/ros/humble/share/rclcpp/cmake)\n'}
[0.703819] (-) TimerEvent: {}
[0.709956] (ur5_motion_planning) StdoutLine: {'line': b'-- Found rosidl_generator_c: 3.1.8 (/opt/ros/humble/share/rosidl_generator_c/cmake)\n'}
[0.718815] (ur5_motion_planning) StdoutLine: {'line': b'-- Found rosidl_adapter: 3.1.8 (/opt/ros/humble/share/rosidl_adapter/cmake)\n'}
[0.733820] (ur5_motion_planning) StdoutLine: {'line': b'-- Found rosidl_generator_cpp: 3.1.8 (/opt/ros/humble/share/rosidl_generator_cpp/cmake)\n'}
[0.749585] (ur5_motion_planning) StdoutLine: {'line': b'-- Using all available rosidl_typesupport_c: rosidl_typesupport_fastrtps_c;rosidl_typesupport_introspection_c\n'}
[0.772513] (ur5_motion_planning) StdoutLine: {'line': b'-- Using all available rosidl_typesupport_cpp: rosidl_typesupport_fastrtps_cpp;rosidl_typesupport_introspection_cpp\n'}
[0.805494] (-) TimerEvent: {}
[0.859100] (ur5_motion_planning) StdoutLine: {'line': b'-- Found rmw_implementation_cmake: 6.1.2 (/opt/ros/humble/share/rmw_implementation_cmake/cmake)\n'}
[0.865815] (ur5_motion_planning) StdoutLine: {'line': b'-- Found rmw_fastrtps_cpp: 6.2.9 (/opt/ros/humble/share/rmw_fastrtps_cpp/cmake)\n'}
[0.905814] (-) TimerEvent: {}
[0.961804] (ur5_motion_planning) StdoutLine: {'line': b'-- Found OpenSSL: /usr/lib/aarch64-linux-gnu/libcrypto.so (found version "3.0.2")  \n'}
[0.989283] (ur5_motion_planning) StdoutLine: {'line': b'-- Found FastRTPS: /opt/ros/humble/include  \n'}
[1.006806] (-) TimerEvent: {}
[1.028386] (ur5_motion_planning) StdoutLine: {'line': b"-- Using RMW implementation 'rmw_fastrtps_cpp' as default\n"}
[1.052208] (ur5_motion_planning) StdoutLine: {'line': b'-- Looking for pthread.h\n'}
[1.107828] (-) TimerEvent: {}
[1.127397] (ur5_motion_planning) StdoutLine: {'line': b'-- Looking for pthread.h - found\n'}
[1.128599] (ur5_motion_planning) StdoutLine: {'line': b'-- Performing Test CMAKE_HAVE_LIBC_PTHREAD\n'}
[1.208830] (-) TimerEvent: {}
[1.209270] (ur5_motion_planning) StdoutLine: {'line': b'-- Performing Test CMAKE_HAVE_LIBC_PTHREAD - Success\n'}
[1.210712] (ur5_motion_planning) StdoutLine: {'line': b'-- Found Threads: TRUE  \n'}
[1.269267] (ur5_motion_planning) StdoutLine: {'line': b'-- Found rclcpp_action: 16.0.17 (/opt/ros/humble/share/rclcpp_action/cmake)\n'}
[1.309815] (-) TimerEvent: {}
[1.319756] (ur5_motion_planning) StdoutLine: {'line': b'-- Found control_msgs: 4.8.0 (/opt/ros/humble/share/control_msgs/cmake)\n'}
[1.404987] (ur5_motion_planning) StdoutLine: {'line': b'-- Found tf2_geometry_msgs: 0.25.18 (/opt/ros/humble/share/tf2_geometry_msgs/cmake)\n'}
[1.410815] (-) TimerEvent: {}
[1.431748] (ur5_motion_planning) StdoutLine: {'line': b'-- Found eigen3_cmake_module: 0.1.1 (/opt/ros/humble/share/eigen3_cmake_module/cmake)\n'}
[1.432177] (ur5_motion_planning) StdoutLine: {'line': b'-- Found Eigen3: TRUE (found version "3.4.0") \n'}
[1.432428] (ur5_motion_planning) StdoutLine: {'line': b'-- Ensuring Eigen3 include directory is part of orocos-kdl CMake target\n'}
[1.513808] (-) TimerEvent: {}
[1.534473] (ur5_motion_planning) StdoutLine: {'line': b'-- Found moveit_core: 2.5.9 (/opt/ros/humble/share/moveit_core/cmake)\n'}
[1.614813] (-) TimerEvent: {}
[1.623828] (ur5_motion_planning) StdoutLine: {'line': b'-- Found Boost: /usr/lib/aarch64-linux-gnu/cmake/Boost-1.74.0/BoostConfig.cmake (found version "1.74.0") found components: chrono date_time filesystem iostreams program_options regex serialization system thread \n'}
[1.687246] (ur5_motion_planning) StdoutLine: {'line': b'-- Found parameter_traits: 0.6.0 (/opt/ros/humble/share/parameter_traits/cmake)\n'}
[1.712833] (ur5_motion_planning) StdoutLine: {'line': b'-- Found rclcpp_lifecycle: 16.0.17 (/opt/ros/humble/share/rclcpp_lifecycle/cmake)\n'}
[1.715813] (-) TimerEvent: {}
[1.746070] (ur5_motion_planning) StdoutLine: {'line': b'-- Found Boost: /usr/lib/aarch64-linux-gnu/cmake/Boost-1.74.0/BoostConfig.cmake (found version "1.74.0") found components: filesystem \n'}
[1.816857] (-) TimerEvent: {}
[1.856289] (ur5_motion_planning) StdoutLine: {'line': b'-- library: /usr/lib/aarch64-linux-gnu/libcurl.so\n'}
[1.918005] (-) TimerEvent: {}
[2.019855] (-) TimerEvent: {}
[2.089796] (ur5_motion_planning) StdoutLine: {'line': b'-- Found moveit_ros_planning_interface: 2.5.9 (/opt/ros/humble/share/moveit_ros_planning_interface/cmake)\n'}
[2.093127] (ur5_motion_planning) StdoutLine: {'line': b'-- Found Boost: /usr/lib/aarch64-linux-gnu/cmake/Boost-1.74.0/BoostConfig.cmake (found version "1.74.0") found components: date_time filesystem program_options system thread \n'}
[2.109824] (ur5_motion_planning) StdoutLine: {'line': b'-- Found Boost: /usr/lib/aarch64-linux-gnu/cmake/Boost-1.74.0/BoostConfig.cmake (found version "1.74.0") found components: system filesystem date_time program_options thread chrono \n'}
[2.120812] (-) TimerEvent: {}
[2.147871] (ur5_motion_planning) StdoutLine: {'line': b'-- Found Boost: /usr/lib/aarch64-linux-gnu/cmake/Boost-1.74.0/BoostConfig.cmake (found version "1.74.0") found components: thread system filesystem regex date_time program_options \n'}
[2.178795] (ur5_motion_planning) StdoutLine: {'line': b'-- Found Boost: /usr/lib/aarch64-linux-gnu/cmake/Boost-1.74.0/BoostConfig.cmake (found version "1.74.0") found components: system filesystem date_time program_options thread \n'}
[2.221866] (-) TimerEvent: {}
[2.275625] (ur5_motion_planning) StdoutLine: {'line': b'-- Configuring done\n'}
[2.322451] (ur5_motion_planning) StdoutLine: {'line': b'-- Generating done\n'}
[2.322895] (-) TimerEvent: {}
[2.343802] (ur5_motion_planning) StdoutLine: {'line': b'-- Build files have been written to: /workspace/ur5_ws/build/ur5_motion_planning\n'}
[2.350511] (ur5_motion_planning) CommandEnded: {'returncode': 0}
[2.351309] (ur5_motion_planning) JobProgress: {'identifier': 'ur5_motion_planning', 'progress': 'build'}
[2.353035] (ur5_motion_planning) Command: {'cmd': ['/usr/bin/cmake', '--build', '/workspace/ur5_ws/build/ur5_motion_planning', '--', '-j11', '-l11'], 'cwd': '/workspace/ur5_ws/build/ur5_motion_planning', 'env': OrderedDict([('HOSTNAME', '10a6f84be8b2'), ('SHLVL', '0'), ('LD_LIBRARY_PATH', '/opt/ros/humble/opt/rviz_ogre_vendor/lib:/opt/ros/humble/lib/aarch64-linux-gnu:/opt/ros/humble/lib'), ('HOME', '/root'), ('OLDPWD', '/'), ('ROS_PYTHON_VERSION', '3'), ('ROS_DISTRO', 'humble'), ('_', '/usr/bin/colcon'), ('ROS_VERSION', '2'), ('ROS_LOCALHOST_ONLY', '0'), ('PATH', '/opt/ros/humble/bin:/usr/local/sbin:/usr/local/bin:/usr/sbin:/usr/bin:/sbin:/bin'), ('LANG', 'C.UTF-8'), ('AMENT_PREFIX_PATH', '/workspace/ur5_ws/install/ur5_minimal_moveit:/workspace/ur5_ws/install/ur_moveit_config:/workspace/ur5_ws/install/ur_description:/opt/ros/humble'), ('PWD', '/workspace/ur5_ws/build/ur5_motion_planning'), ('LC_ALL', 'C.UTF-8'), ('PYTHONPATH', '/workspace/ur5_ws/build/ur5_minimal_moveit:/workspace/ur5_ws/install/ur5_minimal_moveit/lib/python3.10/site-packages:/opt/ros/humble/lib/python3.10/site-packages:/opt/ros/humble/local/lib/python3.10/dist-packages'), ('COLCON', '1'), ('CMAKE_PREFIX_PATH', '/workspace/ur5_ws/install/ur_moveit_config:/workspace/ur5_ws/install/ur_description:/opt/ros/humble')]), 'shell': False}
[2.423825] (-) TimerEvent: {}
[2.524824] (-) TimerEvent: {}
[2.594767] (ur5_motion_planning) StdoutLine: {'line': b'Consolidate compiler generated dependencies of target ur5_plan_and_analyze_node\n'}
[2.623845] (ur5_motion_planning) StdoutLine: {'line': b'[ 50%] Building CXX object CMakeFiles/ur5_plan_and_analyze_node.dir/src/ur5_plan_and_analyze_node.cpp.o\n'}
[2.625824] (-) TimerEvent: {}
[2.729817] (-) TimerEvent: {}
[2.835186] (-) TimerEvent: {}
[2.935959] (-) TimerEvent: {}
[3.036829] (-) TimerEvent: {}
[3.137805] (-) TimerEvent: {}
[3.238814] (-) TimerEvent: {}
[3.339822] (-) TimerEvent: {}
[3.440818] (-) TimerEvent: {}
[3.541845] (-) TimerEvent: {}
[3.642810] (-) TimerEvent: {}
[3.743267] (-) TimerEvent: {}
[3.843832] (-) TimerEvent: {}
[3.944865] (-) TimerEvent: {}
[4.045819] (-) TimerEvent: {}
[4.146810] (-) TimerEvent: {}
[4.250821] (-) TimerEvent: {}
[4.351819] (-) TimerEvent: {}
[4.452819] (-) TimerEvent: {}
[4.554825] (-) TimerEvent: {}
[4.655835] (-) TimerEvent: {}
[4.756814] (-) TimerEvent: {}
[4.857819] (-) TimerEvent: {}
[4.958819] (-) TimerEvent: {}
[5.059830] (-) TimerEvent: {}
[5.160860] (-) TimerEvent: {}
[5.262823] (-) TimerEvent: {}
[5.363849] (-) TimerEvent: {}
[5.464829] (-) TimerEvent: {}
[5.565820] (-) TimerEvent: {}
[5.666883] (-) TimerEvent: {}
[5.768814] (-) TimerEvent: {}
[5.869826] (-) TimerEvent: {}
[5.970842] (-) TimerEvent: {}
[6.071852] (-) TimerEvent: {}
[6.172817] (-) TimerEvent: {}
[6.273846] (-) TimerEvent: {}
[6.378167] (-) TimerEvent: {}
[6.480841] (-) TimerEvent: {}
[6.581827] (-) TimerEvent: {}
[6.665252] (ur5_motion_planning) StderrLine: {'line': b'/workspace/ur5_ws/src/ur5_motion_planning/src/ur5_plan_and_analyze_node.cpp: In function \xe2\x80\x98int main(int, char**)\xe2\x80\x99:\n'}
[6.667740] (ur5_motion_planning) StderrLine: {'line': b'/workspace/ur5_ws/src/ur5_motion_planning/src/ur5_plan_and_analyze_node.cpp:463:8: error: conflicting declaration \xe2\x80\x98auto result\xe2\x80\x99\n'}
[6.668328] (ur5_motion_planning) StderrLine: {'line': b'  463 |   auto result = result_future.get();\n'}
[6.669795] (ur5_motion_planning) StderrLine: {'line': b'      |        ^~~~~~\n'}
[6.670164] (ur5_motion_planning) StderrLine: {'line': b'/workspace/ur5_ws/src/ur5_motion_planning/src/ur5_plan_and_analyze_node.cpp:200:33: note: previous declaration as \xe2\x80\x98moveit::core::MoveItErrorCode result\xe2\x80\x99\n'}
[6.670631] (ur5_motion_planning) StderrLine: {'line': b'  200 |   moveit::core::MoveItErrorCode result = move_group.plan(plan);\n'}
[6.671002] (ur5_motion_planning) StderrLine: {'line': b'      |                                 ^~~~~~\n'}
[6.671229] (ur5_motion_planning) StderrLine: {'line': b'/workspace/ur5_ws/src/ur5_motion_planning/src/ur5_plan_and_analyze_node.cpp:464:14: error: \xe2\x80\x98class moveit::core::MoveItErrorCode\xe2\x80\x99 has no member named \xe2\x80\x98code\xe2\x80\x99\n'}
[6.673315] (ur5_motion_planning) StderrLine: {'line': b'  464 |   if (result.code != rclcpp_action::ResultCode::SUCCEEDED) {\n'}
[6.673638] (ur5_motion_planning) StderrLine: {'line': b'      |              ^~~~\n'}
[6.674154] (ur5_motion_planning) StderrLine: {'line': b'In file included from /opt/ros/humble/include/rclcpp/rclcpp/logging.hpp:24,\n'}
[6.674562] (ur5_motion_planning) StderrLine: {'line': b'                 from /opt/ros/humble/include/rclcpp/rclcpp/client.hpp:40,\n'}
[6.674877] (ur5_motion_planning) StderrLine: {'line': b'                 from /opt/ros/humble/include/rclcpp/rclcpp/callback_group.hpp:24,\n'}
[6.675474] (ur5_motion_planning) StderrLine: {'line': b'                 from /opt/ros/humble/include/rclcpp/rclcpp/any_executable.hpp:20,\n'}
[6.675902] (ur5_motion_planning) StderrLine: {'line': b'                 from /opt/ros/humble/include/rclcpp/rclcpp/memory_strategy.hpp:25,\n'}
[6.677566] (ur5_motion_planning) StderrLine: {'line': b'                 from /opt/ros/humble/include/rclcpp/rclcpp/memory_strategies.hpp:18,\n'}
[6.678116] (ur5_motion_planning) StderrLine: {'line': b'                 from /opt/ros/humble/include/rclcpp/rclcpp/executor_options.hpp:20,\n'}
[6.678478] (ur5_motion_planning) StderrLine: {'line': b'                 from /opt/ros/humble/include/rclcpp/rclcpp/executor.hpp:37,\n'}
[6.678908] (ur5_motion_planning) StderrLine: {'line': b'                 from /opt/ros/humble/include/rclcpp/rclcpp/executors/multi_threaded_executor.hpp:25,\n'}
[6.679708] (ur5_motion_planning) StderrLine: {'line': b'                 from /opt/ros/humble/include/rclcpp/rclcpp/executors.hpp:21,\n'}
[6.680116] (ur5_motion_planning) StderrLine: {'line': b'                 from /opt/ros/humble/include/rclcpp/rclcpp/rclcpp.hpp:155,\n'}
[6.680740] (ur5_motion_planning) StderrLine: {'line': b'                 from /workspace/ur5_ws/src/ur5_motion_planning/src/ur5_plan_and_analyze_node.cpp:20:\n'}
[6.681057] (ur5_motion_planning) StderrLine: {'line': b'/workspace/ur5_ws/src/ur5_motion_planning/src/ur5_plan_and_analyze_node.cpp:465:88: error: \xe2\x80\x98class moveit::core::MoveItErrorCode\xe2\x80\x99 has no member named \xe2\x80\x98code\xe2\x80\x99\n'}
[6.681462] (ur5_motion_planning) StderrLine: {'line': b'  465 |     RCLCPP_ERROR(logger, "Execution FAILED (result code %d).", static_cast<int>(result.code));\n'}
[6.681815] (ur5_motion_planning) StderrLine: {'line': b'      |                                                                                        ^~~~\n'}
[6.682345] (-) TimerEvent: {}
[6.682414] (ur5_motion_planning) StderrLine: {'line': b'/workspace/ur5_ws/src/ur5_motion_planning/src/ur5_plan_and_analyze_node.cpp:469:14: error: \xe2\x80\x98class moveit::core::MoveItErrorCode\xe2\x80\x99 has no member named \xe2\x80\x98result\xe2\x80\x99\n'}
[6.682665] (ur5_motion_planning) StderrLine: {'line': b'  469 |   if (result.result->error_code != FJT::Result::SUCCESSFUL) {\n'}
[6.683228] (ur5_motion_planning) StderrLine: {'line': b'      |              ^~~~~~\n'}
[6.683487] (ur5_motion_planning) StderrLine: {'line': b'In file included from /opt/ros/humble/include/rclcpp/rclcpp/logging.hpp:24,\n'}
[6.683722] (ur5_motion_planning) StderrLine: {'line': b'                 from /opt/ros/humble/include/rclcpp/rclcpp/client.hpp:40,\n'}
[6.683971] (ur5_motion_planning) StderrLine: {'line': b'                 from /opt/ros/humble/include/rclcpp/rclcpp/callback_group.hpp:24,\n'}
[6.684229] (ur5_motion_planning) StderrLine: {'line': b'                 from /opt/ros/humble/include/rclcpp/rclcpp/any_executable.hpp:20,\n'}
[6.684489] (ur5_motion_planning) StderrLine: {'line': b'                 from /opt/ros/humble/include/rclcpp/rclcpp/memory_strategy.hpp:25,\n'}
[6.684735] (ur5_motion_planning) StderrLine: {'line': b'                 from /opt/ros/humble/include/rclcpp/rclcpp/memory_strategies.hpp:18,\n'}
[6.685764] (ur5_motion_planning) StderrLine: {'line': b'                 from /opt/ros/humble/include/rclcpp/rclcpp/executor_options.hpp:20,\n'}
[6.686679] (ur5_motion_planning) StderrLine: {'line': b'                 from /opt/ros/humble/include/rclcpp/rclcpp/executor.hpp:37,\n'}
[6.687418] (ur5_motion_planning) StderrLine: {'line': b'                 from /opt/ros/humble/include/rclcpp/rclcpp/executors/multi_threaded_executor.hpp:25,\n'}
[6.687821] (ur5_motion_planning) StderrLine: {'line': b'                 from /opt/ros/humble/include/rclcpp/rclcpp/executors.hpp:21,\n'}
[6.688112] (ur5_motion_planning) StderrLine: {'line': b'                 from /opt/ros/humble/include/rclcpp/rclcpp/rclcpp.hpp:155,\n'}
[6.688465] (ur5_motion_planning) StderrLine: {'line': b'                 from /workspace/ur5_ws/src/ur5_motion_planning/src/ur5_plan_and_analyze_node.cpp:20:\n'}
[6.688714] (ur5_motion_planning) StderrLine: {'line': b'/workspace/ur5_ws/src/ur5_motion_planning/src/ur5_plan_and_analyze_node.cpp:470:71: error: \xe2\x80\x98class moveit::core::MoveItErrorCode\xe2\x80\x99 has no member named \xe2\x80\x98result\xe2\x80\x99\n'}
[6.689067] (ur5_motion_planning) StderrLine: {'line': b'  470 |     RCLCPP_ERROR(logger, "Controller reported error_code %d.", result.result->error_code);\n'}
[6.689328] (ur5_motion_planning) StderrLine: {'line': b'      |                                                                       ^~~~~~\n'}
[6.782887] (-) TimerEvent: {}
[6.883844] (-) TimerEvent: {}
[6.984969] (-) TimerEvent: {}
[7.086961] (-) TimerEvent: {}
[7.187832] (-) TimerEvent: {}
[7.288860] (-) TimerEvent: {}
[7.390092] (-) TimerEvent: {}
[7.490858] (-) TimerEvent: {}
[7.591943] (-) TimerEvent: {}
[7.692896] (-) TimerEvent: {}
[7.793857] (-) TimerEvent: {}
[7.894838] (-) TimerEvent: {}
[7.996019] (-) TimerEvent: {}
[8.096862] (-) TimerEvent: {}
[8.197855] (-) TimerEvent: {}
[8.300934] (-) TimerEvent: {}
[8.402151] (-) TimerEvent: {}
[8.503073] (-) TimerEvent: {}
[8.603983] (-) TimerEvent: {}
[8.704859] (-) TimerEvent: {}
[8.806286] (-) TimerEvent: {}
[8.907520] (-) TimerEvent: {}
[9.008193] (-) TimerEvent: {}
[9.109131] (-) TimerEvent: {}
[9.210391] (-) TimerEvent: {}
[9.311038] (-) TimerEvent: {}
[9.411915] (-) TimerEvent: {}
[9.513500] (-) TimerEvent: {}
[9.614972] (-) TimerEvent: {}
[9.716196] (-) TimerEvent: {}
[9.780496] (ur5_motion_planning) StderrLine: {'line': b'gmake[2]: *** [CMakeFiles/ur5_plan_and_analyze_node.dir/build.make:76: CMakeFiles/ur5_plan_and_analyze_node.dir/src/ur5_plan_and_analyze_node.cpp.o] Error 1\n'}
[9.782340] (ur5_motion_planning) StderrLine: {'line': b'gmake[1]: *** [CMakeFiles/Makefile2:137: CMakeFiles/ur5_plan_and_analyze_node.dir/all] Error 2\n'}
[9.789506] (ur5_motion_planning) StderrLine: {'line': b'gmake: *** [Makefile:146: all] Error 2\n'}
[9.792368] (ur5_motion_planning) CommandEnded: {'returncode': 2}
[9.816851] (-) TimerEvent: {}
[9.827106] (ur5_motion_planning) JobEnded: {'identifier': 'ur5_motion_planning', 'rc': 2}
[9.838799] (-) EventReactorShutdown: {}
